{"numTotalTestSuites":439,"numPassedTestSuites":431,"numFailedTestSuites":8,"numPendingTestSuites":0,"numTotalTests":748,"numPassedTests":547,"numFailedTests":201,"numPendingTests":0,"numTodoTests":0,"startTime":1753669047636,"success":false,"testResults":[{"assertionResults":[{"ancestorTitles":["","Quick Alert Test"],"fullName":" Quick Alert Test should generate alerts when overtime exceeds limit","status":"passed","title":"should generate alerts when overtime exceeds limit","duration":2,"failureMessages":[]}],"startTime":1753670999816,"endTime":1753670999818,"status":"passed","message":"","name":"C:/Users/m_fun/MCP_勤怠/tests/quick-test.test.ts"},{"assertionResults":[{"ancestorTitles":["","v1.3.0 コンプライアンスエンジン - 網羅的テスト","36協定監視","月間残業時間チェック"],"fullName":" v1.3.0 コンプライアンスエンジン - 網羅的テスト 36協定監視 月間残業時間チェック 通常の36協定（月45時間）内の残業を正常と判定する","status":"passed","title":"通常の36協定（月45時間）内の残業を正常と判定する","duration":3,"failureMessages":[]},{"ancestorTitles":["","v1.3.0 コンプライアンスエンジン - 網羅的テスト","36協定監視","月間残業時間チェック"],"fullName":" v1.3.0 コンプライアンスエンジン - 網羅的テスト 36協定監視 月間残業時間チェック 月45時間超過で警告を生成する","status":"passed","title":"月45時間超過で警告を生成する","duration":2,"failureMessages":[]},{"ancestorTitles":["","v1.3.0 コンプライアンスエンジン - 網羅的テスト","36協定監視","月間残業時間チェック"],"fullName":" v1.3.0 コンプライアンスエンジン - 網羅的テスト 36協定監視 月間残業時間チェック 特別条項適用時の月100時間超過で重大違反を検出する","status":"passed","title":"特別条項適用時の月100時間超過で重大違反を検出する","duration":1,"failureMessages":[]},{"ancestorTitles":["","v1.3.0 コンプライアンスエンジン - 網羅的テスト","36協定監視","年間残業時間チェック"],"fullName":" v1.3.0 コンプライアンスエンジン - 網羅的テスト 36協定監視 年間残業時間チェック 年間360時間以内を正常と判定する","status":"passed","title":"年間360時間以内を正常と判定する","duration":0,"failureMessages":[]},{"ancestorTitles":["","v1.3.0 コンプライアンスエンジン - 網羅的テスト","36協定監視","年間残業時間チェック"],"fullName":" v1.3.0 コンプライアンスエンジン - 網羅的テスト 36協定監視 年間残業時間チェック 年間360時間超過で警告を生成する","status":"passed","title":"年間360時間超過で警告を生成する","duration":1,"failureMessages":[]},{"ancestorTitles":["","v1.3.0 コンプライアンスエンジン - 網羅的テスト","36協定監視","年間残業時間チェック"],"fullName":" v1.3.0 コンプライアンスエンジン - 網羅的テスト 36協定監視 年間残業時間チェック 特別条項年間720時間超過で重大違反を検出する","status":"passed","title":"特別条項年間720時間超過で重大違反を検出する","duration":0,"failureMessages":[]},{"ancestorTitles":["","v1.3.0 コンプライアンスエンジン - 網羅的テスト","36協定監視","複数月平均チェック"],"fullName":" v1.3.0 コンプライアンスエンジン - 網羅的テスト 36協定監視 複数月平均チェック 2-6ヶ月平均80時間以内を正常と判定する","status":"passed","title":"2-6ヶ月平均80時間以内を正常と判定する","duration":1,"failureMessages":[]},{"ancestorTitles":["","v1.3.0 コンプライアンスエンジン - 網羅的テスト","36協定監視","複数月平均チェック"],"fullName":" v1.3.0 コンプライアンスエンジン - 網羅的テスト 36協定監視 複数月平均チェック 複数月平均80時間超過で健康リスク警告を生成する","status":"passed","title":"複数月平均80時間超過で健康リスク警告を生成する","duration":2,"failureMessages":[]},{"ancestorTitles":["","v1.3.0 コンプライアンスエンジン - 網羅的テスト","36協定監視","特別条項使用回数チェック"],"fullName":" v1.3.0 コンプライアンスエンジン - 網羅的テスト 36協定監視 特別条項使用回数チェック 年6回以内の特別条項使用を正常と判定する","status":"passed","title":"年6回以内の特別条項使用を正常と判定する","duration":1,"failureMessages":[]},{"ancestorTitles":["","v1.3.0 コンプライアンスエンジン - 網羅的テスト","36協定監視","特別条項使用回数チェック"],"fullName":" v1.3.0 コンプライアンスエンジン - 網羅的テスト 36協定監視 特別条項使用回数チェック 年6回超過で特別条項使用制限違反を検出する","status":"passed","title":"年6回超過で特別条項使用制限違反を検出する","duration":0,"failureMessages":[]},{"ancestorTitles":["","v1.3.0 コンプライアンスエンジン - 網羅的テスト","客観的記録保持"],"fullName":" v1.3.0 コンプライアンスエンジン - 網羅的テスト 客観的記録保持 ICカード記録を正確に保存する","status":"passed","title":"ICカード記録を正確に保存する","duration":2,"failureMessages":[]},{"ancestorTitles":["","v1.3.0 コンプライアンスエンジン - 網羅的テスト","客観的記録保持"],"fullName":" v1.3.0 コンプライアンスエンジン - 網羅的テスト 客観的記録保持 PCログ記録を保存する","status":"passed","title":"PCログ記録を保存する","duration":0,"failureMessages":[]},{"ancestorTitles":["","v1.3.0 コンプライアンスエンジン - 網羅的テスト","客観的記録保持"],"fullName":" v1.3.0 コンプライアンスエンジン - 網羅的テスト 客観的記録保持 入退室記録を保存する","status":"passed","title":"入退室記録を保存する","duration":0,"failureMessages":[]},{"ancestorTitles":["","v1.3.0 コンプライアンスエンジン - 網羅的テスト","記録間乖離チェック"],"fullName":" v1.3.0 コンプライアンスエンジン - 網羅的テスト 記録間乖離チェック 15分以内の差異を正常と判定する","status":"passed","title":"15分以内の差異を正常と判定する","duration":1,"failureMessages":[]},{"ancestorTitles":["","v1.3.0 コンプライアンスエンジン - 網羅的テスト","記録間乖離チェック"],"fullName":" v1.3.0 コンプライアンスエンジン - 網羅的テスト 記録間乖離チェック 15分超の差異で乖離を検出する","status":"passed","title":"15分超の差異で乖離を検出する","duration":0,"failureMessages":[]},{"ancestorTitles":["","v1.3.0 コンプライアンスエンジン - 網羅的テスト","記録間乖離チェック"],"fullName":" v1.3.0 コンプライアンスエンジン - 網羅的テスト 記録間乖離チェック 複数の客観的記録から最も信頼性の高いものを選択する","status":"passed","title":"複数の客観的記録から最も信頼性の高いものを選択する","duration":0,"failureMessages":[]},{"ancestorTitles":["","v1.3.0 コンプライアンスエンジン - 網羅的テスト","リアルタイムアラート生成"],"fullName":" v1.3.0 コンプライアンスエンジン - 網羅的テスト リアルタイムアラート生成 月末5日前に残業時間予測アラートを生成する","status":"passed","title":"月末5日前に残業時間予測アラートを生成する","duration":1,"failureMessages":[]},{"ancestorTitles":["","v1.3.0 コンプライアンスエンジン - 網羅的テスト","リアルタイムアラート生成"],"fullName":" v1.3.0 コンプライアンスエンジン - 網羅的テスト リアルタイムアラート生成 月間残業40時間到達で注意アラートを生成する","status":"passed","title":"月間残業40時間到達で注意アラートを生成する","duration":0,"failureMessages":[]},{"ancestorTitles":["","v1.3.0 コンプライアンスエンジン - 網羅的テスト","リアルタイムアラート生成"],"fullName":" v1.3.0 コンプライアンスエンジン - 網羅的テスト リアルタイムアラート生成 健康リスク基準到達で即座にアラートを生成する","status":"passed","title":"健康リスク基準到達で即座にアラートを生成する","duration":0,"failureMessages":[]},{"ancestorTitles":["","v1.3.0 コンプライアンスエンジン - 網羅的テスト","詳細労働時間計算"],"fullName":" v1.3.0 コンプライアンスエンジン - 網羅的テスト 詳細労働時間計算 休憩時間を正確に除外して計算する","status":"passed","title":"休憩時間を正確に除外して計算する","duration":1,"failureMessages":[]},{"ancestorTitles":["","v1.3.0 コンプライアンスエンジン - 網羅的テスト","詳細労働時間計算"],"fullName":" v1.3.0 コンプライアンスエンジン - 網羅的テスト 詳細労働時間計算 深夜・早朝時間帯を区別して計算する","status":"passed","title":"深夜・早朝時間帯を区別して計算する","duration":0,"failureMessages":[]},{"ancestorTitles":["","v1.3.0 コンプライアンスエンジン - 網羅的テスト","詳細労働時間計算"],"fullName":" v1.3.0 コンプライアンスエンジン - 網羅的テスト 詳細労働時間計算 休日労働時間を区別して計算する","status":"passed","title":"休日労働時間を区別して計算する","duration":0,"failureMessages":[]},{"ancestorTitles":["","v1.3.0 コンプライアンスエンジン - 網羅的テスト","エラーハンドリング"],"fullName":" v1.3.0 コンプライアンスエンジン - 網羅的テスト エラーハンドリング 存在しない従業員でエラーを投げる","status":"passed","title":"存在しない従業員でエラーを投げる","duration":0,"failureMessages":[]},{"ancestorTitles":["","v1.3.0 コンプライアンスエンジン - 網羅的テスト","エラーハンドリング"],"fullName":" v1.3.0 コンプライアンスエンジン - 網羅的テスト エラーハンドリング 36協定データがない場合デフォルト値を使用する","status":"passed","title":"36協定データがない場合デフォルト値を使用する","duration":1,"failureMessages":[]},{"ancestorTitles":["","v1.3.0 コンプライアンスエンジン - 網羅的テスト","エラーハンドリング"],"fullName":" v1.3.0 コンプライアンスエンジン - 網羅的テスト エラーハンドリング データベースエラーを適切に処理する","status":"passed","title":"データベースエラーを適切に処理する","duration":0,"failureMessages":[]},{"ancestorTitles":["","v1.3.0 コンプライアンスエンジン - 網羅的テスト","パフォーマンステスト"],"fullName":" v1.3.0 コンプライアンスエンジン - 網羅的テスト パフォーマンステスト 100人分の36協定チェックを10秒以内に完了する","status":"passed","title":"100人分の36協定チェックを10秒以内に完了する","duration":24,"failureMessages":[]},{"ancestorTitles":["","v1.3.0 コンプライアンスエンジン - 網羅的テスト","パフォーマンステスト"],"fullName":" v1.3.0 コンプライアンスエンジン - 網羅的テスト パフォーマンステスト 1年分の勤怠データ分析を5秒以内に完了する","status":"passed","title":"1年分の勤怠データ分析を5秒以内に完了する","duration":1,"failureMessages":[]},{"ancestorTitles":["","v1.3.0 コンプライアンスエンジン - 網羅的テスト","特殊ケース"],"fullName":" v1.3.0 コンプライアンスエンジン - 網羅的テスト 特殊ケース フレックスタイム制の労働時間を正確に計算する","status":"passed","title":"フレックスタイム制の労働時間を正確に計算する","duration":0,"failureMessages":[]},{"ancestorTitles":["","v1.3.0 コンプライアンスエンジン - 網羅的テスト","特殊ケース"],"fullName":" v1.3.0 コンプライアンスエンジン - 網羅的テスト 特殊ケース 変形労働時間制の36協定チェックを行う","status":"passed","title":"変形労働時間制の36協定チェックを行う","duration":0,"failureMessages":[]},{"ancestorTitles":["","v1.3.0 コンプライアンスエンジン - 網羅的テスト","特殊ケース"],"fullName":" v1.3.0 コンプライアンスエンジン - 網羅的テスト 特殊ケース 管理監督者の労働時間管理を行う","status":"passed","title":"管理監督者の労働時間管理を行う","duration":1,"failureMessages":[]}],"startTime":1753669048066,"endTime":1753669048109,"status":"passed","message":"","name":"C:/Users/m_fun/MCP_勤怠/tests/comprehensive/compliance-engine-v1.3.0-comprehensive.test.ts"},{"assertionResults":[{"ancestorTitles":["","v1.4.0 経費管理エンジン - 網羅的テスト","レシート画像処理","OCR処理"],"fullName":" v1.4.0 経費管理エンジン - 網羅的テスト レシート画像処理 OCR処理 鮮明な画像から正確にテキストを抽出する","status":"passed","title":"鮮明な画像から正確にテキストを抽出する","duration":2,"failureMessages":[]},{"ancestorTitles":["","v1.4.0 経費管理エンジン - 網羅的テスト","レシート画像処理","OCR処理"],"fullName":" v1.4.0 経費管理エンジン - 網羅的テスト レシート画像処理 OCR処理 複数の金額から合計金額を正確に抽出する","status":"passed","title":"複数の金額から合計金額を正確に抽出する","duration":0,"failureMessages":[]},{"ancestorTitles":["","v1.4.0 経費管理エンジン - 網羅的テスト","レシート画像処理","OCR処理"],"fullName":" v1.4.0 経費管理エンジン - 網羅的テスト レシート画像処理 OCR処理 画質が悪い画像でも可能な限り情報を抽出する","status":"passed","title":"画質が悪い画像でも可能な限り情報を抽出する","duration":1,"failureMessages":[]},{"ancestorTitles":["","v1.4.0 経費管理エンジン - 網羅的テスト","レシート画像処理","OCR処理"],"fullName":" v1.4.0 経費管理エンジン - 網羅的テスト レシート画像処理 OCR処理 手書きレシートを処理する","status":"passed","title":"手書きレシートを処理する","duration":1,"failureMessages":[]},{"ancestorTitles":["","v1.4.0 経費管理エンジン - 網羅的テスト","レシート画像処理","カテゴリ推定"],"fullName":" v1.4.0 経費管理エンジン - 網羅的テスト レシート画像処理 カテゴリ推定 店舗名から適切なカテゴリを推定する","status":"passed","title":"店舗名から適切なカテゴリを推定する","duration":0,"failureMessages":[]},{"ancestorTitles":["","v1.4.0 経費管理エンジン - 網羅的テスト","レシート画像処理","カテゴリ推定"],"fullName":" v1.4.0 経費管理エンジン - 網羅的テスト レシート画像処理 カテゴリ推定 商品内容からカテゴリを推定する","status":"passed","title":"商品内容からカテゴリを推定する","duration":1,"failureMessages":[]},{"ancestorTitles":["","v1.4.0 経費管理エンジン - 網羅的テスト","レシート画像処理","カテゴリ推定"],"fullName":" v1.4.0 経費管理エンジン - 網羅的テスト レシート画像処理 カテゴリ推定 複数の手がかりを組み合わせてカテゴリを決定する","status":"passed","title":"複数の手がかりを組み合わせてカテゴリを決定する","duration":0,"failureMessages":[]},{"ancestorTitles":["","v1.4.0 経費管理エンジン - 網羅的テスト","レシート画像処理","画像品質評価"],"fullName":" v1.4.0 経費管理エンジン - 網羅的テスト レシート画像処理 画像品質評価 画像品質スコアを算出する","status":"passed","title":"画像品質スコアを算出する","duration":0,"failureMessages":[]},{"ancestorTitles":["","v1.4.0 経費管理エンジン - 網羅的テスト","レシート画像処理","画像品質評価"],"fullName":" v1.4.0 経費管理エンジン - 網羅的テスト レシート画像処理 画像品質評価 低品質画像に対して再撮影を推奨する","status":"passed","title":"低品質画像に対して再撮影を推奨する","duration":1,"failureMessages":[]},{"ancestorTitles":["","v1.4.0 経費管理エンジン - 網羅的テスト","自然言語入力処理"],"fullName":" v1.4.0 経費管理エンジン - 網羅的テスト 自然言語入力処理 シンプルな経費申請を解析する","status":"passed","title":"シンプルな経費申請を解析する","duration":2,"failureMessages":[]},{"ancestorTitles":["","v1.4.0 経費管理エンジン - 網羅的テスト","自然言語入力処理"],"fullName":" v1.4.0 経費管理エンジン - 網羅的テスト 自然言語入力処理 複雑な文章から複数の情報を抽出する","status":"passed","title":"複雑な文章から複数の情報を抽出する","duration":1,"failureMessages":[]},{"ancestorTitles":["","v1.4.0 経費管理エンジン - 網羅的テスト","自然言語入力処理"],"fullName":" v1.4.0 経費管理エンジン - 網羅的テスト 自然言語入力処理 曖昧な日付表現を正確に解釈する","status":"passed","title":"曖昧な日付表現を正確に解釈する","duration":1,"failureMessages":[]},{"ancestorTitles":["","v1.4.0 経費管理エンジン - 網羅的テスト","自然言語入力処理"],"fullName":" v1.4.0 経費管理エンジン - 網羅的テスト 自然言語入力処理 金額の様々な表記を正規化する","status":"passed","title":"金額の様々な表記を正規化する","duration":1,"failureMessages":[]},{"ancestorTitles":["","v1.4.0 経費管理エンジン - 網羅的テスト","自然言語入力処理"],"fullName":" v1.4.0 経費管理エンジン - 網羅的テスト 自然言語入力処理 不明瞭な入力に対して確認を求める","status":"passed","title":"不明瞭な入力に対して確認を求める","duration":10,"failureMessages":[]},{"ancestorTitles":["","v1.4.0 経費管理エンジン - 網羅的テスト","スマート承認リスク評価","リスクスコア計算"],"fullName":" v1.4.0 経費管理エンジン - 網羅的テスト スマート承認リスク評価 リスクスコア計算 低リスクの経費申請を識別する","status":"passed","title":"低リスクの経費申請を識別する","duration":1,"failureMessages":[]},{"ancestorTitles":["","v1.4.0 経費管理エンジン - 網羅的テスト","スマート承認リスク評価","リスクスコア計算"],"fullName":" v1.4.0 経費管理エンジン - 網羅的テスト スマート承認リスク評価 リスクスコア計算 高額経費に高リスクスコアを付与する","status":"failed","title":"高額経費に高リスクスコアを付与する","duration":2,"failureMessages":["expected 0.24999999999999997 to be greater than or equal to 0.5"],"location":{"line":400,"column":32}},{"ancestorTitles":["","v1.4.0 経費管理エンジン - 網羅的テスト","スマート承認リスク評価","リスクスコア計算"],"fullName":" v1.4.0 経費管理エンジン - 網羅的テスト スマート承認リスク評価 リスクスコア計算 異常なパターンを検出する","status":"passed","title":"異常なパターンを検出する","duration":0,"failureMessages":[]},{"ancestorTitles":["","v1.4.0 経費管理エンジン - 網羅的テスト","スマート承認リスク評価","リスクスコア計算"],"fullName":" v1.4.0 経費管理エンジン - 網羅的テスト スマート承認リスク評価 リスクスコア計算 頻繁な申請パターンを異常として検出する","status":"passed","title":"頻繁な申請パターンを異常として検出する","duration":1,"failureMessages":[]},{"ancestorTitles":["","v1.4.0 経費管理エンジン - 網羅的テスト","スマート承認リスク評価","承認推奨判定"],"fullName":" v1.4.0 経費管理エンジン - 網羅的テスト スマート承認リスク評価 承認推奨判定 信頼度の高い従業員の申請を優遇する","status":"passed","title":"信頼度の高い従業員の申請を優遇する","duration":0,"failureMessages":[]},{"ancestorTitles":["","v1.4.0 経費管理エンジン - 網羅的テスト","スマート承認リスク評価","承認推奨判定"],"fullName":" v1.4.0 経費管理エンジン - 網羅的テスト スマート承認リスク評価 承認推奨判定 新入社員の高額申請に慎重な評価を行う","status":"failed","title":"新入社員の高額申請に慎重な評価を行う","duration":2,"failureMessages":["expected 'medium' to be 'high' // Object.is equality"],"location":{"line":561,"column":32}},{"ancestorTitles":["","v1.4.0 経費管理エンジン - 網羅的テスト","スマート承認リスク評価","不正検知"],"fullName":" v1.4.0 経費管理エンジン - 網羅的テスト スマート承認リスク評価 不正検知 重複申請を検出する","status":"passed","title":"重複申請を検出する","duration":2,"failureMessages":[]},{"ancestorTitles":["","v1.4.0 経費管理エンジン - 網羅的テスト","スマート承認リスク評価","不正検知"],"fullName":" v1.4.0 経費管理エンジン - 網羅的テスト スマート承認リスク評価 不正検知 金額の改ざんパターンを検出する","status":"passed","title":"金額の改ざんパターンを検出する","duration":0,"failureMessages":[]},{"ancestorTitles":["","v1.4.0 経費管理エンジン - 網羅的テスト","会計仕訳自動生成"],"fullName":" v1.4.0 経費管理エンジン - 網羅的テスト 会計仕訳自動生成 経費カテゴリに応じた正確な仕訳を生成する","status":"passed","title":"経費カテゴリに応じた正確な仕訳を生成する","duration":1,"failureMessages":[]},{"ancestorTitles":["","v1.4.0 経費管理エンジン - 網羅的テスト","会計仕訳自動生成"],"fullName":" v1.4.0 経費管理エンジン - 網羅的テスト 会計仕訳自動生成 消費税を正確に計算して仕訳を生成する","status":"passed","title":"消費税を正確に計算して仕訳を生成する","duration":1,"failureMessages":[]},{"ancestorTitles":["","v1.4.0 経費管理エンジン - 網羅的テスト","会計仕訳自動生成"],"fullName":" v1.4.0 経費管理エンジン - 網羅的テスト 会計仕訳自動生成 前払い費用の仕訳を生成する","status":"passed","title":"前払い費用の仕訳を生成する","duration":0,"failureMessages":[]},{"ancestorTitles":["","v1.4.0 経費管理エンジン - 網羅的テスト","経費分析レポート生成"],"fullName":" v1.4.0 経費管理エンジン - 網羅的テスト 経費分析レポート生成 部門別・カテゴリ別の集計を行う","status":"passed","title":"部門別・カテゴリ別の集計を行う","duration":1,"failureMessages":[]},{"ancestorTitles":["","v1.4.0 経費管理エンジン - 網羅的テスト","経費分析レポート生成"],"fullName":" v1.4.0 経費管理エンジン - 網羅的テスト 経費分析レポート生成 異常値と外れ値を検出する","status":"passed","title":"異常値と外れ値を検出する","duration":0,"failureMessages":[]},{"ancestorTitles":["","v1.4.0 経費管理エンジン - 網羅的テスト","経費分析レポート生成"],"fullName":" v1.4.0 経費管理エンジン - 網羅的テスト 経費分析レポート生成 予算比較と予測を行う","status":"passed","title":"予算比較と予測を行う","duration":1,"failureMessages":[]},{"ancestorTitles":["","v1.4.0 経費管理エンジン - 網羅的テスト","エラーハンドリング"],"fullName":" v1.4.0 経費管理エンジン - 網羅的テスト エラーハンドリング OCRサービスのエラーを適切に処理する","status":"passed","title":"OCRサービスのエラーを適切に処理する","duration":1,"failureMessages":[]},{"ancestorTitles":["","v1.4.0 経費管理エンジン - 網羅的テスト","エラーハンドリング"],"fullName":" v1.4.0 経費管理エンジン - 網羅的テスト エラーハンドリング 無効な画像形式を検出する","status":"passed","title":"無効な画像形式を検出する","duration":0,"failureMessages":[]},{"ancestorTitles":["","v1.4.0 経費管理エンジン - 網羅的テスト","エラーハンドリング"],"fullName":" v1.4.0 経費管理エンジン - 網羅的テスト エラーハンドリング データベースエラーを処理する","status":"passed","title":"データベースエラーを処理する","duration":1,"failureMessages":[]},{"ancestorTitles":["","v1.4.0 経費管理エンジン - 網羅的テスト","エラーハンドリング"],"fullName":" v1.4.0 経費管理エンジン - 網羅的テスト エラーハンドリング 不正な経費データを検証する","status":"passed","title":"不正な経費データを検証する","duration":0,"failureMessages":[]},{"ancestorTitles":["","v1.4.0 経費管理エンジン - 網羅的テスト","パフォーマンステスト"],"fullName":" v1.4.0 経費管理エンジン - 網羅的テスト パフォーマンステスト 大量の画像を並列処理する","status":"passed","title":"大量の画像を並列処理する","duration":59,"failureMessages":[]},{"ancestorTitles":["","v1.4.0 経費管理エンジン - 網羅的テスト","パフォーマンステスト"],"fullName":" v1.4.0 経費管理エンジン - 網羅的テスト パフォーマンステスト 1000件の経費データ分析を10秒以内に完了する","status":"passed","title":"1000件の経費データ分析を10秒以内に完了する","duration":2,"failureMessages":[]},{"ancestorTitles":["","v1.4.0 経費管理エンジン - 網羅的テスト","特殊ケース"],"fullName":" v1.4.0 経費管理エンジン - 網羅的テスト 特殊ケース 多通貨の経費を処理する","status":"passed","title":"多通貨の経費を処理する","duration":1,"failureMessages":[]},{"ancestorTitles":["","v1.4.0 経費管理エンジン - 網羅的テスト","特殊ケース"],"fullName":" v1.4.0 経費管理エンジン - 網羅的テスト 特殊ケース 分割払いの経費を処理する","status":"passed","title":"分割払いの経費を処理する","duration":1,"failureMessages":[]},{"ancestorTitles":["","v1.4.0 経費管理エンジン - 網羅的テスト","特殊ケース"],"fullName":" v1.4.0 経費管理エンジン - 網羅的テスト 特殊ケース グループ申請を処理する","status":"passed","title":"グループ申請を処理する","duration":0,"failureMessages":[]}],"startTime":1753669048294,"endTime":1753669048395,"status":"failed","message":"","name":"C:/Users/m_fun/MCP_勤怠/tests/comprehensive/expense-management-v1.4.0-comprehensive.test.ts"},{"assertionResults":[{"ancestorTitles":["","v2.0.0 人的資本開示エンジン - 網羅的テスト","ISO30414準拠指標計算","1. コンプライアンス指標"],"fullName":" v2.0.0 人的資本開示エンジン - 網羅的テスト ISO30414準拠指標計算 1. コンプライアンス指標 倫理研修完了率を正確に計算する","status":"failed","title":"倫理研修完了率を正確に計算する","duration":4,"failureMessages":["expected 0.851063829787234 to be 0.8 // Object.is equality"],"location":{"line":64,"column":65}},{"ancestorTitles":["","v2.0.0 人的資本開示エンジン - 網羅的テスト","ISO30414準拠指標計算","1. コンプライアンス指標"],"fullName":" v2.0.0 人的資本開示エンジン - 網羅的テスト ISO30414準拠指標計算 1. コンプライアンス指標 ハラスメント事案発生率を計算する","status":"failed","title":"ハラスメント事案発生率を計算する","duration":1,"failureMessages":["expected 0.021052631578947368 to be 0.02 // Object.is equality"],"location":{"line":82,"column":59}},{"ancestorTitles":["","v2.0.0 人的資本開示エンジン - 網羅的テスト","ISO30414準拠指標計算","1. コンプライアンス指標"],"fullName":" v2.0.0 人的資本開示エンジン - 網羅的テスト ISO30414準拠指標計算 1. コンプライアンス指標 コンプライアンス違反の重大度別集計を行う","status":"passed","title":"コンプライアンス違反の重大度別集計を行う","duration":1,"failureMessages":[]},{"ancestorTitles":["","v2.0.0 人的資本開示エンジン - 網羅的テスト","ISO30414準拠指標計算","2. コスト指標"],"fullName":" v2.0.0 人的資本開示エンジン - 網羅的テスト ISO30414準拠指標計算 2. コスト指標 総人件費と従業員あたり人件費を計算する","status":"failed","title":"総人件費と従業員あたり人件費を計算する","duration":2,"failureMessages":["actual value must be number or bigint, received \"undefined\""],"location":{"line":123,"column":46}},{"ancestorTitles":["","v2.0.0 人的資本開示エンジン - 網羅的テスト","ISO30414準拠指標計算","2. コスト指標"],"fullName":" v2.0.0 人的資本開示エンジン - 網羅的テスト ISO30414準拠指標計算 2. コスト指標 採用コストを正確に計算する","status":"failed","title":"採用コストを正確に計算する","duration":4,"failureMessages":["expected 5000000 to be 800000 // Object.is equality"],"location":{"line":145,"column":52}},{"ancestorTitles":["","v2.0.0 人的資本開示エンジン - 網羅的テスト","ISO30414準拠指標計算","2. コスト指標"],"fullName":" v2.0.0 人的資本開示エンジン - 網羅的テスト ISO30414準拠指標計算 2. コスト指標 研修投資額とROIを計算する","status":"failed","title":"研修投資額とROIを計算する","duration":1,"failureMessages":["expected 8000000 to be 1800000 // Object.is equality"],"location":{"line":165,"column":49}},{"ancestorTitles":["","v2.0.0 人的資本開示エンジン - 網羅的テスト","ISO30414準拠指標計算","3. 多様性指標"],"fullName":" v2.0.0 人的資本開示エンジン - 網羅的テスト ISO30414準拠指標計算 3. 多様性指標 性別多様性を正確に計算する","status":"failed","title":"性別多様性を正確に計算する","duration":2,"failureMessages":["Cannot read properties of undefined (reading 'male')"],"location":{"line":178,"column":50}},{"ancestorTitles":["","v2.0.0 人的資本開示エンジン - 網羅的テスト","ISO30414準拠指標計算","3. 多様性指標"],"fullName":" v2.0.0 人的資本開示エンジン - 網羅的テスト ISO30414準拠指標計算 3. 多様性指標 年齢層分布を計算する","status":"failed","title":"年齢層分布を計算する","duration":2,"failureMessages":["Cannot convert undefined or null to object"],"location":{"line":189,"column":51}},{"ancestorTitles":["","v2.0.0 人的資本開示エンジン - 網羅的テスト","ISO30414準拠指標計算","3. 多様性指標"],"fullName":" v2.0.0 人的資本開示エンジン - 網羅的テスト ISO30414準拠指標計算 3. 多様性指標 管理職の多様性を計算する","status":"failed","title":"管理職の多様性を計算する","duration":1,"failureMessages":["Cannot read properties of undefined (reading 'femaleManagerRatio')"],"location":{"line":205,"column":54}},{"ancestorTitles":["","v2.0.0 人的資本開示エンジン - 網羅的テスト","ISO30414準拠指標計算","3. 多様性指標"],"fullName":" v2.0.0 人的資本開示エンジン - 網羅的テスト ISO30414準拠指標計算 3. 多様性指標 国籍・障害者雇用率を計算する","status":"failed","title":"国籍・障害者雇用率を計算する","duration":1,"failureMessages":["actual value must be number or bigint, received \"undefined\""],"location":{"line":217,"column":52}},{"ancestorTitles":["","v2.0.0 人的資本開示エンジン - 網羅的テスト","ISO30414準拠指標計算","4. リーダーシップ指標"],"fullName":" v2.0.0 人的資本開示エンジン - 網羅的テスト ISO30414準拠指標計算 4. リーダーシップ指標 内部昇進率を計算する","status":"failed","title":"内部昇進率を計算する","duration":2,"failureMessages":["expected 72.3 to be 0.75 // Object.is equality"],"location":{"line":235,"column":58}},{"ancestorTitles":["","v2.0.0 人的資本開示エンジン - 網羅的テスト","ISO30414準拠指標計算","4. リーダーシップ指標"],"fullName":" v2.0.0 人的資本開示エンジン - 網羅的テスト ISO30414準拠指標計算 4. リーダーシップ指標 後継者準備率を計算する","status":"failed","title":"後継者準備率を計算する","duration":1,"failureMessages":["expected undefined to be close to 0.7, received difference is NaN, but expected 0.05"],"location":{"line":254,"column":56}},{"ancestorTitles":["","v2.0.0 人的資本開示エンジン - 網羅的テスト","ISO30414準拠指標計算","4. リーダーシップ指標"],"fullName":" v2.0.0 人的資本開示エンジン - 網羅的テスト ISO30414準拠指標計算 4. リーダーシップ指標 リーダーシップパイプラインの健全性を評価する","status":"failed","title":"リーダーシップパイプラインの健全性を評価する","duration":2,"failureMessages":["expected undefined to be 3.5 // Object.is equality"],"location":{"line":270,"column":53}},{"ancestorTitles":["","v2.0.0 人的資本開示エンジン - 網羅的テスト","ISO30414準拠指標計算","5. 組織文化指標"],"fullName":" v2.0.0 人的資本開示エンジン - 網羅的テスト ISO30414準拠指標計算 5. 組織文化指標 従業員エンゲージメントスコアを計算する","status":"failed","title":"従業員エンゲージメントスコアを計算する","duration":1,"failureMessages":["actual value must be number or bigint, received \"undefined\""],"location":{"line":288,"column":49}},{"ancestorTitles":["","v2.0.0 人的資本開示エンジン - 網羅的テスト","ISO30414準拠指標計算","5. 組織文化指標"],"fullName":" v2.0.0 人的資本開示エンジン - 網羅的テスト ISO30414準拠指標計算 5. 組織文化指標 eNPS（従業員推奨度）を計算する","status":"failed","title":"eNPS（従業員推奨度）を計算する","duration":1,"failureMessages":["expected undefined to be 20 // Object.is equality"],"location":{"line":304,"column":38}},{"ancestorTitles":["","v2.0.0 人的資本開示エンジン - 網羅的テスト","ISO30414準拠指標計算","5. 組織文化指標"],"fullName":" v2.0.0 人的資本開示エンジン - 網羅的テスト ISO30414準拠指標計算 5. 組織文化指標 組織文化の健全性を総合評価する","status":"failed","title":"組織文化の健全性を総合評価する","duration":2,"failureMessages":["expected undefined to be 4.2 // Object.is equality"],"location":{"line":316,"column":51}},{"ancestorTitles":["","v2.0.0 人的資本開示エンジン - 網羅的テスト","ISO30414準拠指標計算","6. 安全衛生指標"],"fullName":" v2.0.0 人的資本開示エンジン - 網羅的テスト ISO30414準拠指標計算 6. 安全衛生指標 労働災害発生率（LTIFR）を計算する","status":"failed","title":"労働災害発生率（LTIFR）を計算する","duration":2,"failureMessages":["expected 0.8 to be 10 // Object.is equality"],"location":{"line":339,"column":51}},{"ancestorTitles":["","v2.0.0 人的資本開示エンジン - 網羅的テスト","ISO30414準拠指標計算","6. 安全衛生指標"],"fullName":" v2.0.0 人的資本開示エンジン - 網羅的テスト ISO30414準拠指標計算 6. 安全衛生指標 健康診断受診率を計算する","status":"failed","title":"健康診断受診率を計算する","duration":2,"failureMessages":["expected undefined to be 0.95 // Object.is equality"],"location":{"line":355,"column":50}},{"ancestorTitles":["","v2.0.0 人的資本開示エンジン - 網羅的テスト","ISO30414準拠指標計算","6. 安全衛生指標"],"fullName":" v2.0.0 人的資本開示エンジン - 網羅的テスト ISO30414準拠指標計算 6. 安全衛生指標 メンタルヘルス指標を計算する","status":"failed","title":"メンタルヘルス指標を計算する","duration":2,"failureMessages":["expected undefined to be 0.85 // Object.is equality"],"location":{"line":375,"column":61}},{"ancestorTitles":["","v2.0.0 人的資本開示エンジン - 網羅的テスト","ISO30414準拠指標計算","7. 生産性指標"],"fullName":" v2.0.0 人的資本開示エンジン - 網羅的テスト ISO30414準拠指標計算 7. 生産性指標 従業員あたり売上・利益を計算する","status":"failed","title":"従業員あたり売上・利益を計算する","duration":2,"failureMessages":["expected 15000000 to be 100000000 // Object.is equality"],"location":{"line":393,"column":57}},{"ancestorTitles":["","v2.0.0 人的資本開示エンジン - 網羅的テスト","ISO30414準拠指標計算","7. 生産性指標"],"fullName":" v2.0.0 人的資本開示エンジン - 網羅的テスト ISO30414準拠指標計算 7. 生産性指標 人的資本ROIを計算する","status":"failed","title":"人的資本ROIを計算する","duration":0,"failureMessages":["expected 325 to be close to 2.33, received difference is 322.67, but expected 0.005"],"location":{"line":409,"column":54}},{"ancestorTitles":["","v2.0.0 人的資本開示エンジン - 網羅的テスト","ISO30414準拠指標計算","7. 生産性指標"],"fullName":" v2.0.0 人的資本開示エンジン - 網羅的テスト ISO30414準拠指標計算 7. 生産性指標 付加価値生産性を計算する","status":"failed","title":"付加価値生産性を計算する","duration":4,"failureMessages":["expected undefined to be 30000000 // Object.is equality"],"location":{"line":427,"column":60}},{"ancestorTitles":["","v2.0.0 人的資本開示エンジン - 網羅的テスト","ISO30414準拠指標計算","8. 採用・離職指標"],"fullName":" v2.0.0 人的資本開示エンジン - 網羅的テスト ISO30414準拠指標計算 8. 採用・離職指標 離職率を正確に計算する","status":"failed","title":"離職率を正確に計算する","duration":1,"failureMessages":["expected undefined to be close to 0.116, received difference is NaN, but expected 0.0005"],"location":{"line":449,"column":55}},{"ancestorTitles":["","v2.0.0 人的資本開示エンジン - 網羅的テスト","ISO30414準拠指標計算","8. 採用・離職指標"],"fullName":" v2.0.0 人的資本開示エンジン - 網羅的テスト ISO30414準拠指標計算 8. 採用・離職指標 採用充足率と質を評価する","status":"failed","title":"採用充足率と質を評価する","duration":1,"failureMessages":["expected undefined to be 0.9 // Object.is equality"],"location":{"line":469,"column":46}},{"ancestorTitles":["","v2.0.0 人的資本開示エンジン - 網羅的テスト","ISO30414準拠指標計算","8. 採用・離職指標"],"fullName":" v2.0.0 人的資本開示エンジン - 網羅的テスト ISO30414準拠指標計算 8. 採用・離職指標 採用までの期間とコストを計算する","status":"failed","title":"採用までの期間とコストを計算する","duration":1,"failureMessages":["expected 28 to be 45 // Object.is equality"],"location":{"line":490,"column":48}},{"ancestorTitles":["","v2.0.0 人的資本開示エンジン - 網羅的テスト","人的資本レポート生成"],"fullName":" v2.0.0 人的資本開示エンジン - 網羅的テスト 人的資本レポート生成 包括的な人的資本レポートを生成する","status":"failed","title":"包括的な人的資本レポートを生成する","duration":3,"failureMessages":["expected { …(12) } to match object { generatedAt: Any<Date>, …(6) }\n(29 matching properties omitted from actual)"],"location":{"line":505,"column":22}},{"ancestorTitles":["","v2.0.0 人的資本開示エンジン - 網羅的テスト","人的資本レポート生成"],"fullName":" v2.0.0 人的資本開示エンジン - 網羅的テスト 人的資本レポート生成 業界ベンチマークとの比較を行う","status":"failed","title":"業界ベンチマークとの比較を行う","duration":1,"failureMessages":["Cannot read properties of undefined (reading 'turnoverRate')"],"location":{"line":538,"column":41}},{"ancestorTitles":["","v2.0.0 人的資本開示エンジン - 網羅的テスト","人的資本レポート生成"],"fullName":" v2.0.0 人的資本開示エンジン - 網羅的テスト 人的資本レポート生成 トレンド分析を含むレポートを生成する","status":"failed","title":"トレンド分析を含むレポートを生成する","duration":1,"failureMessages":["Cannot convert undefined or null to object"],"location":{"line":567,"column":42}},{"ancestorTitles":["","v2.0.0 人的資本開示エンジン - 網羅的テスト","人的資本レポート生成"],"fullName":" v2.0.0 人的資本開示エンジン - 網羅的テスト 人的資本レポート生成 重要な洞察と推奨事項を生成する","status":"failed","title":"重要な洞察と推奨事項を生成する","duration":1,"failureMessages":["Cannot read properties of undefined (reading 'length')"],"location":{"line":578,"column":30}},{"ancestorTitles":["","v2.0.0 人的資本開示エンジン - 網羅的テスト","リアルタイムダッシュボード指標"],"fullName":" v2.0.0 人的資本開示エンジン - 網羅的テスト リアルタイムダッシュボード指標 リアルタイム指標を高速で計算する","status":"failed","title":"リアルタイム指標を高速で計算する","duration":2,"failureMessages":["expected { keyMetrics: { …(6) }, …(3) } to have property \"currentHeadcount\""],"location":{"line":604,"column":23}},{"ancestorTitles":["","v2.0.0 人的資本開示エンジン - 網羅的テスト","リアルタイムダッシュボード指標"],"fullName":" v2.0.0 人的資本開示エンジン - 網羅的テスト リアルタイムダッシュボード指標 異常値をリアルタイムで検出する","status":"failed","title":"異常値をリアルタイムで検出する","duration":1,"failureMessages":["expected [] to deep equally contain ObjectContaining{…}"],"location":{"line":620,"column":30}},{"ancestorTitles":["","v2.0.0 人的資本開示エンジン - 網羅的テスト","エラーハンドリングと検証"],"fullName":" v2.0.0 人的資本開示エンジン - 網羅的テスト エラーハンドリングと検証 データ欠損時にデフォルト値で処理を継続する","status":"failed","title":"データ欠損時にデフォルト値で処理を継続する","duration":1,"failureMessages":["Cannot read properties of undefined (reading 'total')"],"location":{"line":636,"column":48}},{"ancestorTitles":["","v2.0.0 人的資本開示エンジン - 網羅的テスト","エラーハンドリングと検証"],"fullName":" v2.0.0 人的資本開示エンジン - 網羅的テスト エラーハンドリングと検証 無効なデータを検証してエラーを報告する","status":"failed","title":"無効なデータを検証してエラーを報告する","duration":0,"failureMessages":["expected undefined not to be undefined"],"location":{"line":653,"column":35}},{"ancestorTitles":["","v2.0.0 人的資本開示エンジン - 網羅的テスト","エラーハンドリングと検証"],"fullName":" v2.0.0 人的資本開示エンジン - 網羅的テスト エラーハンドリングと検証 データベースエラーを適切に処理する","status":"passed","title":"データベースエラーを適切に処理する","duration":1,"failureMessages":[]},{"ancestorTitles":["","v2.0.0 人的資本開示エンジン - 網羅的テスト","パフォーマンステスト"],"fullName":" v2.0.0 人的資本開示エンジン - 網羅的テスト パフォーマンステスト 1万人規模の従業員データを処理する","status":"failed","title":"1万人規模の従業員データを処理する","duration":64,"failureMessages":["expected undefined to be 10000 // Object.is equality"],"location":{"line":676,"column":38}},{"ancestorTitles":["","v2.0.0 人的資本開示エンジン - 網羅的テスト","パフォーマンステスト"],"fullName":" v2.0.0 人的資本開示エンジン - 網羅的テスト パフォーマンステスト 複数期間の比較分析を効率的に実行する","status":"passed","title":"複数期間の比較分析を効率的に実行する","duration":2,"failureMessages":[]},{"ancestorTitles":["","v2.0.0 人的資本開示エンジン - 網羅的テスト","特殊ケースと境界値"],"fullName":" v2.0.0 人的資本開示エンジン - 網羅的テスト 特殊ケースと境界値 単一従業員の組織でも計算を実行する","status":"failed","title":"単一従業員の組織でも計算を実行する","duration":2,"failureMessages":["expected undefined to be 1 // Object.is equality"],"location":{"line":705,"column":38}},{"ancestorTitles":["","v2.0.0 人的資本開示エンジン - 網羅的テスト","特殊ケースと境界値"],"fullName":" v2.0.0 人的資本開示エンジン - 網羅的テスト 特殊ケースと境界値 100%の値でも正常に処理する","status":"failed","title":"100%の値でも正常に処理する","duration":2,"failureMessages":["expected 0.010416666666666666 to be 1 // Object.is equality"],"location":{"line":720,"column":63}},{"ancestorTitles":["","v2.0.0 人的資本開示エンジン - 網羅的テスト","特殊ケースと境界値"],"fullName":" v2.0.0 人的資本開示エンジン - 網羅的テスト 特殊ケースと境界値 グローバル企業の多言語・多通貨対応","status":"failed","title":"グローバル企業の多言語・多通貨対応","duration":1,"failureMessages":["expected undefined not to be undefined"],"location":{"line":736,"column":30}}],"startTime":1753669049429,"endTime":1753669049554,"status":"failed","message":"","name":"C:/Users/m_fun/MCP_勤怠/tests/comprehensive/human-capital-disclosure-v2.0.0-comprehensive.test.ts"},{"assertionResults":[{"ancestorTitles":["","統合システムテストスイート","エンドツーエンド月次処理フロー"],"fullName":" 統合システムテストスイート エンドツーエンド月次処理フロー 月次給与計算から人的資本レポートまでの完全フローを実行する","status":"passed","title":"月次給与計算から人的資本レポートまでの完全フローを実行する","duration":17,"failureMessages":[]},{"ancestorTitles":["","統合システムテストスイート","AIエージェントによる自律的処理"],"fullName":" 統合システムテストスイート AIエージェントによる自律的処理 コンプライアンス違反の自動検出と是正を実行する","status":"skipped","title":"コンプライアンス違反の自動検出と是正を実行する","failureMessages":[]},{"ancestorTitles":["","統合システムテストスイート","AIエージェントによる自律的処理"],"fullName":" 統合システムテストスイート AIエージェントによる自律的処理 複数エージェントの協調による月次処理を実行する","status":"skipped","title":"複数エージェントの協調による月次処理を実行する","failureMessages":[]},{"ancestorTitles":["","統合システムテストスイート","リアルタイム監視と予測的介入"],"fullName":" 統合システムテストスイート リアルタイム監視と予測的介入 残業時間の増加トレンドを検出して警告を発する","status":"skipped","title":"残業時間の増加トレンドを検出して警告を発する","failureMessages":[]},{"ancestorTitles":["","統合システムテストスイート","リアルタイム監視と予測的介入"],"fullName":" 統合システムテストスイート リアルタイム監視と予測的介入 離職リスクの早期兆候を検出する","status":"skipped","title":"離職リスクの早期兆候を検出する","failureMessages":[]},{"ancestorTitles":["","統合システムテストスイート","統合レポーティングとダッシュボード"],"fullName":" 統合システムテストスイート 統合レポーティングとダッシュボード 基本的な統合ダッシュボードデータを生成する","status":"passed","title":"基本的な統合ダッシュボードデータを生成する","duration":5,"failureMessages":[]},{"ancestorTitles":["","統合システムテストスイート","エラー処理と障害復旧"],"fullName":" 統合システムテストスイート エラー処理と障害復旧 トランザクション処理中のエラーでロールバックを実行する","status":"passed","title":"トランザクション処理中のエラーでロールバックを実行する","duration":3,"failureMessages":[]},{"ancestorTitles":["","統合システムテストスイート","エラー処理と障害復旧"],"fullName":" 統合システムテストスイート エラー処理と障害復旧 外部API障害時にフォールバック処理を実行する","status":"skipped","title":"外部API障害時にフォールバック処理を実行する","failureMessages":[]},{"ancestorTitles":["","統合システムテストスイート","パフォーマンスとスケーラビリティ"],"fullName":" 統合システムテストスイート パフォーマンスとスケーラビリティ 1000人規模の組織で月次処理を30秒以内に完了する","status":"passed","title":"1000人規模の組織で月次処理を30秒以内に完了する","duration":538,"failureMessages":[]},{"ancestorTitles":["","統合システムテストスイート","パフォーマンスとスケーラビリティ"],"fullName":" 統合システムテストスイート パフォーマンスとスケーラビリティ メモリ使用量が適切な範囲内に収まる","status":"passed","title":"メモリ使用量が適切な範囲内に収まる","duration":12,"failureMessages":[]}],"startTime":1753669063457,"endTime":1753669064032,"status":"passed","message":"","name":"C:/Users/m_fun/MCP_勤怠/tests/comprehensive/integrated-test-suite.test.ts"},{"assertionResults":[],"startTime":1753669047636,"endTime":1753669047636,"status":"failed","message":"Failed to load url rate-limiter-flexible (resolved id: rate-limiter-flexible) in C:/Users/m_fun/MCP_勤怠/src/security-validator.ts. Does the file exist?","name":"C:/Users/m_fun/MCP_勤怠/tests/comprehensive/master-test-suite.test.ts"},{"assertionResults":[{"ancestorTitles":["","v1.2.0 給与計算エンジン - 網羅的テスト","基本給与計算"],"fullName":" v1.2.0 給与計算エンジン - 網羅的テスト 基本給与計算 通常勤務のみの給与を正確に計算する","status":"passed","title":"通常勤務のみの給与を正確に計算する","duration":3,"failureMessages":[]},{"ancestorTitles":["","v1.2.0 給与計算エンジン - 網羅的テスト","基本給与計算"],"fullName":" v1.2.0 給与計算エンジン - 網羅的テスト 基本給与計算 月間の総労働時間を正確に集計する","status":"passed","title":"月間の総労働時間を正確に集計する","duration":1,"failureMessages":[]},{"ancestorTitles":["","v1.2.0 給与計算エンジン - 網羅的テスト","残業割増計算","時間外労働（1.25倍）"],"fullName":" v1.2.0 給与計算エンジン - 網羅的テスト 残業割増計算 時間外労働（1.25倍） 通常残業の割増を正確に計算する","status":"passed","title":"通常残業の割増を正確に計算する","duration":0,"failureMessages":[]},{"ancestorTitles":["","v1.2.0 給与計算エンジン - 網羅的テスト","残業割増計算","時間外労働（1.25倍）"],"fullName":" v1.2.0 給与計算エンジン - 網羅的テスト 残業割増計算 時間外労働（1.25倍） 月60時間を超える残業の割増（1.50倍）を計算する","status":"passed","title":"月60時間を超える残業の割増（1.50倍）を計算する","duration":0,"failureMessages":[]},{"ancestorTitles":["","v1.2.0 給与計算エンジン - 網羅的テスト","残業割増計算","深夜労働（0.25倍加算）"],"fullName":" v1.2.0 給与計算エンジン - 網羅的テスト 残業割増計算 深夜労働（0.25倍加算） 深夜時間帯（22:00-05:00）の割増を計算する","status":"passed","title":"深夜時間帯（22:00-05:00）の割増を計算する","duration":1,"failureMessages":[]},{"ancestorTitles":["","v1.2.0 給与計算エンジン - 網羅的テスト","残業割増計算","深夜労働（0.25倍加算）"],"fullName":" v1.2.0 給与計算エンジン - 網羅的テスト 残業割増計算 深夜労働（0.25倍加算） 深夜残業（1.25 + 0.25 = 1.50倍）を計算する","status":"passed","title":"深夜残業（1.25 + 0.25 = 1.50倍）を計算する","duration":0,"failureMessages":[]},{"ancestorTitles":["","v1.2.0 給与計算エンジン - 網羅的テスト","残業割増計算","休日労働（1.35倍）"],"fullName":" v1.2.0 給与計算エンジン - 網羅的テスト 残業割増計算 休日労働（1.35倍） 法定休日の割増を計算する","status":"passed","title":"法定休日の割増を計算する","duration":0,"failureMessages":[]},{"ancestorTitles":["","v1.2.0 給与計算エンジン - 網羅的テスト","残業割増計算","休日労働（1.35倍）"],"fullName":" v1.2.0 給与計算エンジン - 網羅的テスト 残業割増計算 休日労働（1.35倍） 休日深夜労働（1.35 + 0.25 = 1.60倍）を計算する","status":"passed","title":"休日深夜労働（1.35 + 0.25 = 1.60倍）を計算する","duration":1,"failureMessages":[]},{"ancestorTitles":["","v1.2.0 給与計算エンジン - 網羅的テスト","労働基準法準拠チェック"],"fullName":" v1.2.0 給与計算エンジン - 網羅的テスト 労働基準法準拠チェック 月間残業時間上限（45時間）超過を検出する","status":"passed","title":"月間残業時間上限（45時間）超過を検出する","duration":0,"failureMessages":[]},{"ancestorTitles":["","v1.2.0 給与計算エンジン - 網羅的テスト","労働基準法準拠チェック"],"fullName":" v1.2.0 給与計算エンジン - 網羅的テスト 労働基準法準拠チェック 年間残業時間上限（360時間）を考慮する","status":"passed","title":"年間残業時間上限（360時間）を考慮する","duration":1,"failureMessages":[]},{"ancestorTitles":["","v1.2.0 給与計算エンジン - 網羅的テスト","労働基準法準拠チェック"],"fullName":" v1.2.0 給与計算エンジン - 網羅的テスト 労働基準法準拠チェック 特別条項適用時の上限（月100時間）をチェックする","status":"passed","title":"特別条項適用時の上限（月100時間）をチェックする","duration":0,"failureMessages":[]},{"ancestorTitles":["","v1.2.0 給与計算エンジン - 網羅的テスト","労働基準法準拠チェック"],"fullName":" v1.2.0 給与計算エンジン - 網羅的テスト 労働基準法準拠チェック 連続する月の平均残業時間（80時間）をチェックする","status":"passed","title":"連続する月の平均残業時間（80時間）をチェックする","duration":1,"failureMessages":[]},{"ancestorTitles":["","v1.2.0 給与計算エンジン - 網羅的テスト","給与明細生成"],"fullName":" v1.2.0 給与計算エンジン - 網羅的テスト 給与明細生成 完全な給与明細を生成する","status":"passed","title":"完全な給与明細を生成する","duration":0,"failureMessages":[]},{"ancestorTitles":["","v1.2.0 給与計算エンジン - 網羅的テスト","給与明細生成"],"fullName":" v1.2.0 給与計算エンジン - 網羅的テスト 給与明細生成 所得税を正確に計算する","status":"passed","title":"所得税を正確に計算する","duration":1,"failureMessages":[]},{"ancestorTitles":["","v1.2.0 給与計算エンジン - 網羅的テスト","エラーハンドリング"],"fullName":" v1.2.0 給与計算エンジン - 網羅的テスト エラーハンドリング 存在しない従業員の給与計算でエラーを投げる","status":"passed","title":"存在しない従業員の給与計算でエラーを投げる","duration":0,"failureMessages":[]},{"ancestorTitles":["","v1.2.0 給与計算エンジン - 網羅的テスト","エラーハンドリング"],"fullName":" v1.2.0 給与計算エンジン - 網羅的テスト エラーハンドリング 無効な月形式でエラーを投げる","status":"passed","title":"無効な月形式でエラーを投げる","duration":0,"failureMessages":[]},{"ancestorTitles":["","v1.2.0 給与計算エンジン - 網羅的テスト","エラーハンドリング"],"fullName":" v1.2.0 給与計算エンジン - 網羅的テスト エラーハンドリング 勤怠データがない場合でも給与計算を実行する","status":"passed","title":"勤怠データがない場合でも給与計算を実行する","duration":0,"failureMessages":[]},{"ancestorTitles":["","v1.2.0 給与計算エンジン - 網羅的テスト","パフォーマンステスト"],"fullName":" v1.2.0 給与計算エンジン - 網羅的テスト パフォーマンステスト 大量の勤怠データでも5秒以内に計算完了する","status":"passed","title":"大量の勤怠データでも5秒以内に計算完了する","duration":1,"failureMessages":[]},{"ancestorTitles":["","v1.2.0 給与計算エンジン - 網羅的テスト","パフォーマンステスト"],"fullName":" v1.2.0 給与計算エンジン - 網羅的テスト パフォーマンステスト 50名の従業員の給与を並列計算する","status":"passed","title":"50名の従業員の給与を並列計算する","duration":12,"failureMessages":[]},{"ancestorTitles":["","v1.2.0 給与計算エンジン - 網羅的テスト","特殊ケース"],"fullName":" v1.2.0 給与計算エンジン - 網羅的テスト 特殊ケース 月をまたぐ勤務の労働時間を正確に計算する","status":"passed","title":"月をまたぐ勤務の労働時間を正確に計算する","duration":0,"failureMessages":[]},{"ancestorTitles":["","v1.2.0 給与計算エンジン - 網羅的テスト","特殊ケース"],"fullName":" v1.2.0 給与計算エンジン - 網羅的テスト 特殊ケース 時給0円の従業員（インターン等）の計算を処理する","status":"passed","title":"時給0円の従業員（インターン等）の計算を処理する","duration":1,"failureMessages":[]},{"ancestorTitles":["","v1.2.0 給与計算エンジン - 網羅的テスト","特殊ケース"],"fullName":" v1.2.0 給与計算エンジン - 網羅的テスト 特殊ケース 1ヶ月の全日休日出勤の計算を処理する","status":"passed","title":"1ヶ月の全日休日出勤の計算を処理する","duration":0,"failureMessages":[]}],"startTime":1753669304970,"endTime":1753669304993,"status":"passed","message":"","name":"C:/Users/m_fun/MCP_勤怠/tests/comprehensive/payroll-engine-v1.2.0-comprehensive.test.ts"},{"assertionResults":[{"ancestorTitles":["","E2E: 完全な給与計算ワークフロー","新入社員の初月給与計算"],"fullName":" E2E: 完全な給与計算ワークフロー 新入社員の初月給与計算 入社から給与支払いまでの完全ワークフロー","status":"failed","title":"入社から給与支払いまでの完全ワークフロー","duration":2,"failureMessages":["expected 'EMP001' to be 'EMP_NEWCOMER_001' // Object.is equality"],"location":{"line":88,"column":34}},{"ancestorTitles":["","E2E: 完全な給与計算ワークフロー","管理職の複雑な給与計算"],"fullName":" E2E: 完全な給与計算ワークフロー 管理職の複雑な給与計算 管理職の深夜労働・休日出勤を含む月の処理","status":"failed","title":"管理職の深夜労働・休日出勤を含む月の処理","duration":1,"failureMessages":["expected 'EMP001' to be 'EMP_MANAGER_001' // Object.is equality"],"location":{"line":204,"column":34}},{"ancestorTitles":["","E2E: 完全な給与計算ワークフロー","パートタイム従業員の給与計算"],"fullName":" E2E: 完全な給与計算ワークフロー パートタイム従業員の給与計算 パートタイム従業員の変動勤務時間での処理","status":"failed","title":"パートタイム従業員の変動勤務時間での処理","duration":1,"failureMessages":["expected 'EMP001' to be 'EMP_PART_001' // Object.is equality"],"location":{"line":296,"column":34}},{"ancestorTitles":["","E2E: 完全な給与計算ワークフロー","年末調整シナリオ"],"fullName":" E2E: 完全な給与計算ワークフロー 年末調整シナリオ 年末調整を含む12月の給与計算","status":"failed","title":"年末調整を含む12月の給与計算","duration":0,"failureMessages":["expected 0 to be greater than 0"],"location":{"line":374,"column":48}},{"ancestorTitles":["","E2E: 完全な給与計算ワークフロー","エラー処理とリカバリ"],"fullName":" E2E: 完全な給与計算ワークフロー エラー処理とリカバリ 打刻ミスからの修正処理","status":"failed","title":"打刻ミスからの修正処理","duration":1,"failureMessages":["expected 'EMP001' to be 'EMP_ERROR_001' // Object.is equality"],"location":{"line":445,"column":34}}],"startTime":1753669305282,"endTime":1753669305287,"status":"failed","message":"","name":"C:/Users/m_fun/MCP_勤怠/tests/e2e/complete-payroll-workflow.test.ts"},{"assertionResults":[{"ancestorTitles":["","E2E: 包括的ワークフローテスト","企業全体の月次給与処理"],"fullName":" E2E: 包括的ワークフローテスト 企業全体の月次給与処理 50名規模の企業での月次給与計算フルサイクル","status":"failed","title":"50名規模の企業での月次給与計算フルサイクル","duration":10,"failureMessages":["expected NaN to be greater than 5000000"],"location":{"line":205,"column":28}},{"ancestorTitles":["","E2E: 包括的ワークフローテスト","36協定違反の検知と対応"],"fullName":" E2E: 包括的ワークフローテスト 36協定違反の検知と対応 36協定違反従業員の自動検知とアラート","status":"failed","title":"36協定違反従業員の自動検知とアラート","duration":2,"failureMessages":["this.calculateWorkHours is not a function"],"location":{"line":147,"column":30}},{"ancestorTitles":["","E2E: 包括的ワークフローテスト","経費精算との連携"],"fullName":" E2E: 包括的ワークフローテスト 経費精算との連携 出張費精算と勤怠管理の連携","status":"failed","title":"出張費精算と勤怠管理の連携","duration":3,"failureMessages":["actual value must be number or bigint, received \"undefined\""],"location":{"line":458,"column":35}},{"ancestorTitles":["","E2E: 包括的ワークフローテスト","人事評価システムとの連携"],"fullName":" E2E: 包括的ワークフローテスト 人事評価システムとの連携 勤怠実績と人事評価の統合分析","status":"failed","title":"勤怠実績と人事評価の統合分析","duration":2,"failureMessages":["expected '標準' to be '昇進候補' // Object.is equality"],"location":{"line":655,"column":48}},{"ancestorTitles":["","E2E: 包括的ワークフローテスト","システム全体の統合テスト"],"fullName":" E2E: 包括的ワークフローテスト システム全体の統合テスト 全モジュールの統合動作確認","status":"failed","title":"全モジュールの統合動作確認","duration":2,"failureMessages":["this.calculateWorkHours is not a function"],"location":{"line":147,"column":30}}],"startTime":1753669063367,"endTime":1753669063387,"status":"failed","message":"","name":"C:/Users/m_fun/MCP_勤怠/tests/e2e/comprehensive-workflow.test.ts"},{"assertionResults":[],"startTime":1753669047636,"endTime":1753669047636,"status":"failed","message":"Failed to load url ../../src/expense-management-v1.4.0.js (resolved id: ../../src/expense-management-v1.4.0.js) in C:/Users/m_fun/MCP_勤怠/tests/e2e/ecosystem-integration.test.ts. Does the file exist?","name":"C:/Users/m_fun/MCP_勤怠/tests/e2e/ecosystem-integration.test.ts"},{"assertionResults":[],"startTime":1753669047636,"endTime":1753669047636,"status":"failed","message":"Transform failed with 4 errors:\nC:/Users/m_fun/MCP_勤怠/tests/e2e/mcp-payroll-integration.test.ts:183:12: ERROR: Declarations with the name \"arguments\" cannot be used in an ECMAScript module\nC:/Users/m_fun/MCP_勤怠/tests/e2e/mcp-payroll-integration.test.ts:187:10: ERROR: Invalid assignment target\nC:/Users/m_fun/MCP_勤怠/tests/e2e/mcp-payroll-integration.test.ts:190:10: ERROR: Invalid assignment target\nC:/Users/m_fun/MCP_勤怠/tests/e2e/mcp-payroll-integration.test.ts:193:10: ERROR: Invalid assignment target","name":"C:/Users/m_fun/MCP_勤怠/tests/e2e/mcp-payroll-integration.test.ts"},{"assertionResults":[{"ancestorTitles":["","E2E Natural Language Interactions","Happy Path Scenarios"],"fullName":" E2E Natural Language Interactions Happy Path Scenarios should handle monthly attendance closure request","status":"passed","title":"should handle monthly attendance closure request","duration":1,"failureMessages":[]},{"ancestorTitles":["","E2E Natural Language Interactions","Happy Path Scenarios"],"fullName":" E2E Natural Language Interactions Happy Path Scenarios should retrieve specific employee attendance data","status":"passed","title":"should retrieve specific employee attendance data","duration":0,"failureMessages":[]},{"ancestorTitles":["","E2E Natural Language Interactions","Exception Handling Scenarios"],"fullName":" E2E Natural Language Interactions Exception Handling Scenarios should handle missing clock-out records gracefully","status":"failed","title":"should handle missing clock-out records gracefully","duration":1,"failureMessages":["expected '勤怠データに不備があります' to contain '確認しました'"],"location":{"line":201,"column":31}},{"ancestorTitles":["","E2E Natural Language Interactions","Exception Handling Scenarios"],"fullName":" E2E Natural Language Interactions Exception Handling Scenarios should detect labor law violations and require human intervention","status":"failed","title":"should detect labor law violations and require human intervention","duration":1,"failureMessages":["expected false to be true // Object.is equality"],"location":{"line":252,"column":30}},{"ancestorTitles":["","E2E Natural Language Interactions","Boundary Value Testing"],"fullName":" E2E Natural Language Interactions Boundary Value Testing should correctly classify overtime at exactly 45 hours","status":"failed","title":"should correctly classify overtime at exactly 45 hours","duration":1,"failureMessages":["actual value must be number or bigint, received \"undefined\""],"location":{"line":279,"column":56}},{"ancestorTitles":["","E2E Natural Language Interactions","Multi-step Workflow Testing"],"fullName":" E2E Natural Language Interactions Multi-step Workflow Testing should handle complex approval workflow","status":"failed","title":"should handle complex approval workflow","duration":1,"failureMessages":["expected false to be true // Object.is equality"],"location":{"line":324,"column":30}}],"startTime":1753669867707,"endTime":1753669867712,"status":"failed","message":"","name":"C:/Users/m_fun/MCP_勤怠/tests/e2e/natural-language.test.ts"},{"assertionResults":[{"ancestorTitles":["","E2E: 実世界シナリオテスト","COVID-19対応シナリオ"],"fullName":" E2E: 実世界シナリオテスト COVID-19対応シナリオ 在宅勤務・時差出勤・出社制限の混在期間","status":"failed","title":"在宅勤務・時差出勤・出社制限の混在期間","duration":3,"failureMessages":["expected 1 to be 5 // Object.is equality"],"location":{"line":126,"column":55}},{"ancestorTitles":["","E2E: 実世界シナリオテスト","COVID-19対応シナリオ"],"fullName":" E2E: 実世界シナリオテスト COVID-19対応シナリオ 緊急事態宣言期間の勤務調整","status":"failed","title":"緊急事態宣言期間の勤務調整","duration":2,"failureMessages":["expected 8 to be close to 73.5, received difference is 65.5, but expected 0.0000049999999999999996"],"location":{"line":207,"column":51}},{"ancestorTitles":["","E2E: 実世界シナリオテスト","システム移行シナリオ"],"fullName":" E2E: 実世界シナリオテスト システム移行シナリオ 旧システムからの移行期間での二重管理","status":"passed","title":"旧システムからの移行期間での二重管理","duration":1,"failureMessages":[]},{"ancestorTitles":["","E2E: 実世界シナリオテスト","法改正対応シナリオ"],"fullName":" E2E: 実世界シナリオテスト 法改正対応シナリオ 働き方改革法施行に伴う制度変更","status":"passed","title":"働き方改革法施行に伴う制度変更","duration":1,"failureMessages":[]},{"ancestorTitles":["","E2E: 実世界シナリオテスト","災害対応シナリオ"],"fullName":" E2E: 実世界シナリオテスト 災害対応シナリオ 自然災害による勤務体制変更","status":"failed","title":"自然災害による勤務体制変更","duration":1,"failureMessages":["actual value must be number or bigint, received \"undefined\""],"location":{"line":462,"column":35}},{"ancestorTitles":["","E2E: 実世界シナリオテスト","国際化対応シナリオ"],"fullName":" E2E: 実世界シナリオテスト 国際化対応シナリオ 外国人従業員の労働条件管理","status":"failed","title":"外国人従業員の労働条件管理","duration":1,"failureMessages":["expected 0 to be greater than 0"],"location":{"line":566,"column":48}},{"ancestorTitles":["","E2E: 実世界シナリオテスト","業界特有シナリオ"],"fullName":" E2E: 実世界シナリオテスト 業界特有シナリオ 製造業の交代勤務制","status":"passed","title":"製造業の交代勤務制","duration":1,"failureMessages":[]}],"startTime":1753669064102,"endTime":1753669064112,"status":"failed","message":"","name":"C:/Users/m_fun/MCP_勤怠/tests/e2e/real-world-scenarios.test.ts"},{"assertionResults":[{"ancestorTitles":["","E2E: システム統合テスト","会計システム統合"],"fullName":" E2E: システム統合テスト 会計システム統合 freee会計システムとの給与データ連携","status":"failed","title":"freee会計システムとの給与データ連携","duration":37,"failureMessages":["Cannot read properties of undefined (reading 'name')"],"location":{"line":107,"column":28}},{"ancestorTitles":["","E2E: システム統合テスト","会計システム統合"],"fullName":" E2E: システム統合テスト 会計システム統合 銀行振込データ生成","status":"passed","title":"銀行振込データ生成","duration":1,"failureMessages":[]},{"ancestorTitles":["","E2E: システム統合テスト","人事システム統合"],"fullName":" E2E: システム統合テスト 人事システム統合 人事マスタとの従業員情報同期","status":"failed","title":"人事マスタとの従業員情報同期","duration":2,"failureMessages":["Cannot read properties of undefined (reading 'name')"],"location":{"line":416,"column":28}},{"ancestorTitles":["","E2E: システム統合テスト","外部API統合"],"fullName":" E2E: システム統合テスト 外部API統合 税務システムとの連携","status":"failed","title":"税務システムとの連携","duration":1,"failureMessages":["Cannot read properties of undefined (reading 'name')"],"location":{"line":546,"column":28}},{"ancestorTitles":["","E2E: システム統合テスト","レポーティング統合"],"fullName":" E2E: システム統合テスト レポーティング統合 経営ダッシュボード用データ集計","status":"failed","title":"経営ダッシュボード用データ集計","duration":5,"failureMessages":["expected NaN to be greater than 0"],"location":{"line":744,"column":51}},{"ancestorTitles":["","E2E: システム統合テスト","パフォーマンス統合テスト"],"fullName":" E2E: システム統合テスト パフォーマンス統合テスト 大量データでの統合処理性能","status":"failed","title":"大量データでの統合処理性能","duration":8,"failureMessages":["actual value must be number or bigint, received \"undefined\""],"location":{"line":854,"column":34}}],"startTime":1753669049652,"endTime":1753669049706,"status":"failed","message":"","name":"C:/Users/m_fun/MCP_勤怠/tests/e2e/system-integration.test.ts"},{"assertionResults":[{"ancestorTitles":["","AutomaticLeaveManagement Integration Tests","年次有給休暇自動付与"],"fullName":" AutomaticLeaveManagement Integration Tests 年次有給休暇自動付与 勤続年数に応じた正確な有給付与","status":"skipped","title":"勤続年数に応じた正確な有給付与","failureMessages":[]},{"ancestorTitles":["","AutomaticLeaveManagement Integration Tests","年次有給休暇自動付与"],"fullName":" AutomaticLeaveManagement Integration Tests 年次有給休暇自動付与 繰越計算を含む総付与日数計算","status":"skipped","title":"繰越計算を含む総付与日数計算","failureMessages":[]},{"ancestorTitles":["","AutomaticLeaveManagement Integration Tests","年次有給休暇自動付与"],"fullName":" AutomaticLeaveManagement Integration Tests 年次有給休暇自動付与 自動付与の監査証跡記録","status":"skipped","title":"自動付与の監査証跡記録","failureMessages":[]},{"ancestorTitles":["","AutomaticLeaveManagement Integration Tests","有給休暇繰越処理"],"fullName":" AutomaticLeaveManagement Integration Tests 有給休暇繰越処理 前年度残日数の適切な繰越","status":"skipped","title":"前年度残日数の適切な繰越","failureMessages":[]},{"ancestorTitles":["","AutomaticLeaveManagement Integration Tests","有給休暇繰越処理"],"fullName":" AutomaticLeaveManagement Integration Tests 有給休暇繰越処理 繰越上限20日の適用","status":"skipped","title":"繰越上限20日の適用","failureMessages":[]},{"ancestorTitles":["","AutomaticLeaveManagement Integration Tests","有給休暇繰越処理"],"fullName":" AutomaticLeaveManagement Integration Tests 有給休暇繰越処理 繰越上限超過時の失効処理","status":"skipped","title":"繰越上限超過時の失効処理","failureMessages":[]},{"ancestorTitles":["","AutomaticLeaveManagement Integration Tests","有給休暇失効処理"],"fullName":" AutomaticLeaveManagement Integration Tests 有給休暇失効処理 2年経過による失効処理","status":"skipped","title":"2年経過による失効処理","failureMessages":[]},{"ancestorTitles":["","AutomaticLeaveManagement Integration Tests","有給休暇失効処理"],"fullName":" AutomaticLeaveManagement Integration Tests 有給休暇失効処理 失効通知の自動送信","status":"skipped","title":"失効通知の自動送信","failureMessages":[]},{"ancestorTitles":["","AutomaticLeaveManagement Integration Tests","AI駆動承認推奨"],"fullName":" AutomaticLeaveManagement Integration Tests AI駆動承認推奨 残高十分な場合の承認推奨","status":"skipped","title":"残高十分な場合の承認推奨","failureMessages":[]},{"ancestorTitles":["","AutomaticLeaveManagement Integration Tests","AI駆動承認推奨"],"fullName":" AutomaticLeaveManagement Integration Tests AI駆動承認推奨 残高不足時の却下推奨","status":"skipped","title":"残高不足時の却下推奨","failureMessages":[]},{"ancestorTitles":["","AutomaticLeaveManagement Integration Tests","AI駆動承認推奨"],"fullName":" AutomaticLeaveManagement Integration Tests AI駆動承認推奨 チーム影響考慮の推奨","status":"skipped","title":"チーム影響考慮の推奨","failureMessages":[]},{"ancestorTitles":["","AutomaticLeaveManagement Integration Tests","有給使用状況分析"],"fullName":" AutomaticLeaveManagement Integration Tests 有給使用状況分析 使用率と傾向の分析","status":"skipped","title":"使用率と傾向の分析","failureMessages":[]},{"ancestorTitles":["","AutomaticLeaveManagement Integration Tests","有給使用状況分析"],"fullName":" AutomaticLeaveManagement Integration Tests 有給使用状況分析 失効リスク分析","status":"skipped","title":"失効リスク分析","failureMessages":[]},{"ancestorTitles":["","AutomaticLeaveManagement Integration Tests","リアルタイム残高追跡"],"fullName":" AutomaticLeaveManagement Integration Tests リアルタイム残高追跡 承認待ち申請を考慮した実効残高計算","status":"skipped","title":"承認待ち申請を考慮した実効残高計算","failureMessages":[]},{"ancestorTitles":["","AutomaticLeaveManagement Integration Tests","リアルタイム残高追跡"],"fullName":" AutomaticLeaveManagement Integration Tests リアルタイム残高追跡 複数休暇種別の同時追跡","status":"skipped","title":"複数休暇種別の同時追跡","failureMessages":[]},{"ancestorTitles":["","AutomaticLeaveManagement Integration Tests","パフォーマンスと信頼性"],"fullName":" AutomaticLeaveManagement Integration Tests パフォーマンスと信頼性 大量従業員の一括処理性能","status":"skipped","title":"大量従業員の一括処理性能","failureMessages":[]},{"ancestorTitles":["","AutomaticLeaveManagement Integration Tests","パフォーマンスと信頼性"],"fullName":" AutomaticLeaveManagement Integration Tests パフォーマンスと信頼性 データ整合性の保証","status":"skipped","title":"データ整合性の保証","failureMessages":[]}],"startTime":1753669047636,"endTime":1753669047636,"status":"passed","message":"","name":"C:/Users/m_fun/MCP_勤怠/tests/integration/automatic-leave-management-v1.3.0-integration.test.ts"},{"assertionResults":[{"ancestorTitles":["","労働基準法コンプライアンス統合テスト","36協定監視システム"],"fullName":" 労働基準法コンプライアンス統合テスト 36協定監視システム 月45時間上限の監視と警告","status":"passed","title":"月45時間上限の監視と警告","duration":1,"failureMessages":[]},{"ancestorTitles":["","労働基準法コンプライアンス統合テスト","36協定監視システム"],"fullName":" 労働基準法コンプライアンス統合テスト 36協定監視システム 月45時間超過時の特別条項適用","status":"passed","title":"月45時間超過時の特別条項適用","duration":3,"failureMessages":[]},{"ancestorTitles":["","労働基準法コンプライアンス統合テスト","36協定監視システム"],"fullName":" 労働基準法コンプライアンス統合テスト 36協定監視システム 年360時間上限の年次監視","status":"passed","title":"年360時間上限の年次監視","duration":1,"failureMessages":[]},{"ancestorTitles":["","労働基準法コンプライアンス統合テスト","休憩時間コンプライアンス"],"fullName":" 労働基準法コンプライアンス統合テスト 休憩時間コンプライアンス 労働基準法第34条：休憩時間の付与義務","status":"passed","title":"労働基準法第34条：休憩時間の付与義務","duration":0,"failureMessages":[]},{"ancestorTitles":["","労働基準法コンプライアンス統合テスト","深夜労働コンプライアンス"],"fullName":" 労働基準法コンプライアンス統合テスト 深夜労働コンプライアンス 労働基準法第37条：深夜労働の割増賃金","status":"passed","title":"労働基準法第37条：深夜労働の割増賃金","duration":2,"failureMessages":[]},{"ancestorTitles":["","労働基準法コンプライアンス統合テスト","年次有給休暇コンプライアンス"],"fullName":" 労働基準法コンプライアンス統合テスト 年次有給休暇コンプライアンス 労働基準法第39条：年次有給休暇の取得義務","status":"passed","title":"労働基準法第39条：年次有給休暇の取得義務","duration":0,"failureMessages":[]},{"ancestorTitles":["","労働基準法コンプライアンス統合テスト","複合的コンプライアンス違反"],"fullName":" 労働基準法コンプライアンス統合テスト 複合的コンプライアンス違反 複数の労働基準法違反が重複するケース","status":"passed","title":"複数の労働基準法違反が重複するケース","duration":1,"failureMessages":[]}],"startTime":1753669304913,"endTime":1753669304921,"status":"passed","message":"","name":"C:/Users/m_fun/MCP_勤怠/tests/integration/compliance-end-to-end.test.ts"},{"assertionResults":[],"startTime":1753669047636,"endTime":1753669047636,"status":"failed","message":"Failed to load url ../../src/payroll-engine-v1.2.0.js (resolved id: ../../src/payroll-engine-v1.2.0.js) in C:/Users/m_fun/MCP_勤怠/tests/integration/comprehensive-flow.test.ts. Does the file exist?","name":"C:/Users/m_fun/MCP_勤怠/tests/integration/comprehensive-flow.test.ts"},{"assertionResults":[{"ancestorTitles":["","v1.3.0 経費精算システム - 統合テスト","リアルデータベースでの経費精算テスト"],"fullName":" v1.3.0 経費精算システム - 統合テスト リアルデータベースでの経費精算テスト 完全な経費精算フロー（レシート画像処理）","status":"skipped","title":"完全な経費精算フロー（レシート画像処理）","failureMessages":[]},{"ancestorTitles":["","v1.3.0 経費精算システム - 統合テスト","リアルデータベースでの経費精算テスト"],"fullName":" v1.3.0 経費精算システム - 統合テスト リアルデータベースでの経費精算テスト 自然言語入力による経費申請フロー","status":"skipped","title":"自然言語入力による経費申請フロー","failureMessages":[]},{"ancestorTitles":["","v1.3.0 経費精算システム - 統合テスト","リアルデータベースでの経費精算テスト"],"fullName":" v1.3.0 経費精算システム - 統合テスト リアルデータベースでの経費精算テスト 高額経費の承認フロー","status":"skipped","title":"高額経費の承認フロー","failureMessages":[]},{"ancestorTitles":["","v1.3.0 経費精算システム - 統合テスト","リアルデータベースでの経費精算テスト"],"fullName":" v1.3.0 経費精算システム - 統合テスト リアルデータベースでの経費精算テスト 複数従業員の経費分析レポート","status":"skipped","title":"複数従業員の経費分析レポート","failureMessages":[]},{"ancestorTitles":["","v1.3.0 経費精算システム - 統合テスト","リアルデータベースでの経費精算テスト"],"fullName":" v1.3.0 経費精算システム - 統合テスト リアルデータベースでの経費精算テスト 経費カテゴリー管理機能","status":"skipped","title":"経費カテゴリー管理機能","failureMessages":[]},{"ancestorTitles":["","v1.3.0 経費精算システム - 統合テスト","リアルデータベースでの経費精算テスト"],"fullName":" v1.3.0 経費精算システム - 統合テスト リアルデータベースでの経費精算テスト レシート画像保存機能","status":"skipped","title":"レシート画像保存機能","failureMessages":[]},{"ancestorTitles":["","v1.3.0 経費精算システム - 統合テスト","エラーハンドリングと堅牢性"],"fullName":" v1.3.0 経費精算システム - 統合テスト エラーハンドリングと堅牢性 存在しない従業員IDでの経費申請エラー","status":"skipped","title":"存在しない従業員IDでの経費申請エラー","failureMessages":[]},{"ancestorTitles":["","v1.3.0 経費精算システム - 統合テスト","エラーハンドリングと堅牢性"],"fullName":" v1.3.0 経費精算システム - 統合テスト エラーハンドリングと堅牢性 不正なカテゴリーIDでの経費申請","status":"skipped","title":"不正なカテゴリーIDでの経費申請","failureMessages":[]},{"ancestorTitles":["","v1.3.0 経費精算システム - 統合テスト","エラーハンドリングと堅牢性"],"fullName":" v1.3.0 経費精算システム - 統合テスト エラーハンドリングと堅牢性 データベース接続エラーのハンドリング","status":"skipped","title":"データベース接続エラーのハンドリング","failureMessages":[]},{"ancestorTitles":["","v1.3.0 経費精算システム - 統合テスト","パフォーマンスと拡張性"],"fullName":" v1.3.0 経費精算システム - 統合テスト パフォーマンスと拡張性 大量経費申請の処理性能","status":"skipped","title":"大量経費申請の処理性能","failureMessages":[]},{"ancestorTitles":["","v1.3.0 経費精算システム - 統合テスト","パフォーマンスと拡張性"],"fullName":" v1.3.0 経費精算システム - 統合テスト パフォーマンスと拡張性 経費分析レポートの生成性能","status":"skipped","title":"経費分析レポートの生成性能","failureMessages":[]}],"startTime":1753669047636,"endTime":1753669047636,"status":"passed","message":"","name":"C:/Users/m_fun/MCP_勤怠/tests/integration/expense-management-v1.3.0-integration.test.ts"},{"assertionResults":[{"ancestorTitles":["","Human Capital Disclosure System Integration Tests","End-to-End Human Capital Reporting"],"fullName":" Human Capital Disclosure System Integration Tests End-to-End Human Capital Reporting should generate complete human capital report with real data","status":"skipped","title":"should generate complete human capital report with real data","failureMessages":[]},{"ancestorTitles":["","Human Capital Disclosure System Integration Tests","End-to-End Human Capital Reporting"],"fullName":" Human Capital Disclosure System Integration Tests End-to-End Human Capital Reporting should calculate metrics consistently across multiple runs","status":"skipped","title":"should calculate metrics consistently across multiple runs","failureMessages":[]},{"ancestorTitles":["","Human Capital Disclosure System Integration Tests","End-to-End Human Capital Reporting"],"fullName":" Human Capital Disclosure System Integration Tests End-to-End Human Capital Reporting should handle real-time dashboard updates","status":"skipped","title":"should handle real-time dashboard updates","failureMessages":[]},{"ancestorTitles":["","Human Capital Disclosure System Integration Tests","Data Integration Tests"],"fullName":" Human Capital Disclosure System Integration Tests Data Integration Tests should integrate with employee lifecycle management","status":"skipped","title":"should integrate with employee lifecycle management","failureMessages":[]},{"ancestorTitles":["","Human Capital Disclosure System Integration Tests","Data Integration Tests"],"fullName":" Human Capital Disclosure System Integration Tests Data Integration Tests should integrate with talent management system","status":"skipped","title":"should integrate with talent management system","failureMessages":[]},{"ancestorTitles":["","Human Capital Disclosure System Integration Tests","Data Integration Tests"],"fullName":" Human Capital Disclosure System Integration Tests Data Integration Tests should integrate with learning and training management","status":"skipped","title":"should integrate with learning and training management","failureMessages":[]},{"ancestorTitles":["","Human Capital Disclosure System Integration Tests","Performance and Scalability Tests"],"fullName":" Human Capital Disclosure System Integration Tests Performance and Scalability Tests should handle large datasets efficiently","status":"skipped","title":"should handle large datasets efficiently","failureMessages":[]},{"ancestorTitles":["","Human Capital Disclosure System Integration Tests","Performance and Scalability Tests"],"fullName":" Human Capital Disclosure System Integration Tests Performance and Scalability Tests should maintain data integrity under concurrent operations","status":"skipped","title":"should maintain data integrity under concurrent operations","failureMessages":[]},{"ancestorTitles":["","Human Capital Disclosure System Integration Tests","Error Handling and Recovery"],"fullName":" Human Capital Disclosure System Integration Tests Error Handling and Recovery should handle database connection issues gracefully","status":"skipped","title":"should handle database connection issues gracefully","failureMessages":[]},{"ancestorTitles":["","Human Capital Disclosure System Integration Tests","Error Handling and Recovery"],"fullName":" Human Capital Disclosure System Integration Tests Error Handling and Recovery should validate input parameters","status":"skipped","title":"should validate input parameters","failureMessages":[]},{"ancestorTitles":["","Human Capital Disclosure System Integration Tests","Compliance and Regulatory Tests"],"fullName":" Human Capital Disclosure System Integration Tests Compliance and Regulatory Tests should ensure ISO 30414 compliance","status":"skipped","title":"should ensure ISO 30414 compliance","failureMessages":[]},{"ancestorTitles":["","Human Capital Disclosure System Integration Tests","Compliance and Regulatory Tests"],"fullName":" Human Capital Disclosure System Integration Tests Compliance and Regulatory Tests should ensure Japanese labor law compliance","status":"skipped","title":"should ensure Japanese labor law compliance","failureMessages":[]}],"startTime":1753669047636,"endTime":1753669047636,"status":"passed","message":"","name":"C:/Users/m_fun/MCP_勤怠/tests/integration/human-capital-disclosure-system-v2.0.0-integration.test.ts"},{"assertionResults":[{"ancestorTitles":["","MCP給与計算ツール機能テスト","calculate_compliance_payroll ツールテスト"],"fullName":" MCP給与計算ツール機能テスト calculate_compliance_payroll ツールテスト 標準的な従業員の給与計算が正しく実行される","status":"pending","title":"標準的な従業員の給与計算が正しく実行される","failureMessages":[]},{"ancestorTitles":["","MCP給与計算ツール機能テスト","calculate_compliance_payroll ツールテスト"],"fullName":" MCP給与計算ツール機能テスト calculate_compliance_payroll ツールテスト 残業時間が45時間を超える場合の警告表示","status":"pending","title":"残業時間が45時間を超える場合の警告表示","failureMessages":[]},{"ancestorTitles":["","MCP給与計算ツール機能テスト","calculate_compliance_payroll ツールテスト"],"fullName":" MCP給与計算ツール機能テスト calculate_compliance_payroll ツールテスト 存在しない従業員IDでエラーが発生する","status":"pending","title":"存在しない従業員IDでエラーが発生する","failureMessages":[]},{"ancestorTitles":["","MCP給与計算ツール機能テスト","generate_payslip ツールテスト"],"fullName":" MCP給与計算ツール機能テスト generate_payslip ツールテスト 詳細な給与明細が生成される","status":"pending","title":"詳細な給与明細が生成される","failureMessages":[]},{"ancestorTitles":["","MCP給与計算ツール機能テスト","generate_payslip ツールテスト"],"fullName":" MCP給与計算ツール機能テスト generate_payslip ツールテスト 深夜労働手当が明細に表示される","status":"pending","title":"深夜労働手当が明細に表示される","failureMessages":[]},{"ancestorTitles":["","MCP給与計算ツール機能テスト","validate_labor_compliance ツールテスト"],"fullName":" MCP給与計算ツール機能テスト validate_labor_compliance ツールテスト 労働基準法準拠状況が正確に表示される","status":"pending","title":"労働基準法準拠状況が正確に表示される","failureMessages":[]},{"ancestorTitles":["","MCP給与計算ツール機能テスト","validate_labor_compliance ツールテスト"],"fullName":" MCP給与計算ツール機能テスト validate_labor_compliance ツールテスト 違反がある場合の詳細な表示","status":"pending","title":"違反がある場合の詳細な表示","failureMessages":[]},{"ancestorTitles":["","MCP給与計算ツール機能テスト","get_payroll_report ツールテスト"],"fullName":" MCP給与計算ツール機能テスト get_payroll_report ツールテスト 月次給与レポートが正しく生成される","status":"pending","title":"月次給与レポートが正しく生成される","failureMessages":[]},{"ancestorTitles":["","MCP給与計算ツール機能テスト","get_payroll_report ツールテスト"],"fullName":" MCP給与計算ツール機能テスト get_payroll_report ツールテスト 違反がある場合のレポート表示","status":"pending","title":"違反がある場合のレポート表示","failureMessages":[]},{"ancestorTitles":["","MCP給与計算ツール機能テスト","MCPツールのエラーハンドリング"],"fullName":" MCP給与計算ツール機能テスト MCPツールのエラーハンドリング 不正なパラメータでエラーが発生する","status":"pending","title":"不正なパラメータでエラーが発生する","failureMessages":[]},{"ancestorTitles":["","MCP給与計算ツール機能テスト","MCPツールのエラーハンドリング"],"fullName":" MCP給与計算ツール機能テスト MCPツールのエラーハンドリング データベース接続エラーの処理","status":"pending","title":"データベース接続エラーの処理","failureMessages":[]},{"ancestorTitles":["","MCP給与計算ツール機能テスト","MCPツールのパフォーマンス"],"fullName":" MCP給与計算ツール機能テスト MCPツールのパフォーマンス 大量データでの応答時間が許容範囲内","status":"pending","title":"大量データでの応答時間が許容範囲内","failureMessages":[]}],"startTime":1753669047636,"endTime":1753669047636,"status":"passed","message":"","name":"C:/Users/m_fun/MCP_勤怠/tests/integration/mcp-payroll-tools.test.ts"},{"assertionResults":[{"ancestorTitles":["","MCP Server Integration Tests","Employee Management"],"fullName":" MCP Server Integration Tests Employee Management should add new employee successfully","status":"pending","title":"should add new employee successfully","failureMessages":[]},{"ancestorTitles":["","MCP Server Integration Tests","Employee Management"],"fullName":" MCP Server Integration Tests Employee Management should retrieve employee information","status":"pending","title":"should retrieve employee information","failureMessages":[]},{"ancestorTitles":["","MCP Server Integration Tests","Employee Management"],"fullName":" MCP Server Integration Tests Employee Management should handle employee not found error","status":"pending","title":"should handle employee not found error","failureMessages":[]},{"ancestorTitles":["","MCP Server Integration Tests","Time Tracking"],"fullName":" MCP Server Integration Tests Time Tracking should record clock-in successfully","status":"pending","title":"should record clock-in successfully","failureMessages":[]},{"ancestorTitles":["","MCP Server Integration Tests","Time Tracking"],"fullName":" MCP Server Integration Tests Time Tracking should record clock-out with break time","status":"pending","title":"should record clock-out with break time","failureMessages":[]},{"ancestorTitles":["","MCP Server Integration Tests","Time Tracking"],"fullName":" MCP Server Integration Tests Time Tracking should handle clock-out failure when no clock-in exists","status":"pending","title":"should handle clock-out failure when no clock-in exists","failureMessages":[]},{"ancestorTitles":["","MCP Server Integration Tests","Payroll Calculations"],"fullName":" MCP Server Integration Tests Payroll Calculations should calculate monthly payroll correctly","status":"pending","title":"should calculate monthly payroll correctly","failureMessages":[]},{"ancestorTitles":["","MCP Server Integration Tests","Payroll Calculations"],"fullName":" MCP Server Integration Tests Payroll Calculations should generate payroll summary for all employees","status":"pending","title":"should generate payroll summary for all employees","failureMessages":[]},{"ancestorTitles":["","MCP Server Integration Tests","Payroll Calculations"],"fullName":" MCP Server Integration Tests Payroll Calculations should detect labor law violations in payroll summary","status":"pending","title":"should detect labor law violations in payroll summary","failureMessages":[]},{"ancestorTitles":["","MCP Server Integration Tests","Input Validation"],"fullName":" MCP Server Integration Tests Input Validation should validate employee ID format","status":"pending","title":"should validate employee ID format","failureMessages":[]},{"ancestorTitles":["","MCP Server Integration Tests","Input Validation"],"fullName":" MCP Server Integration Tests Input Validation should validate date formats","status":"pending","title":"should validate date formats","failureMessages":[]},{"ancestorTitles":["","MCP Server Integration Tests","Input Validation"],"fullName":" MCP Server Integration Tests Input Validation should validate break time ranges","status":"pending","title":"should validate break time ranges","failureMessages":[]}],"startTime":1753669047636,"endTime":1753669047636,"status":"passed","message":"","name":"C:/Users/m_fun/MCP_勤怠/tests/integration/mcp-server.test.ts"},{"assertionResults":[{"ancestorTitles":["","統合給与計算エンジン v1.2.0 - 統合テスト","リアルデータベースでの給与計算テスト"],"fullName":" 統合給与計算エンジン v1.2.0 - 統合テスト リアルデータベースでの給与計算テスト 完全な給与計算フロー（通常勤務）","status":"pending","title":"完全な給与計算フロー（通常勤務）","failureMessages":[]},{"ancestorTitles":["","統合給与計算エンジン v1.2.0 - 統合テスト","リアルデータベースでの給与計算テスト"],"fullName":" 統合給与計算エンジン v1.2.0 - 統合テスト リアルデータベースでの給与計算テスト 残業を含む給与計算フロー","status":"pending","title":"残業を含む給与計算フロー","failureMessages":[]},{"ancestorTitles":["","統合給与計算エンジン v1.2.0 - 統合テスト","リアルデータベースでの給与計算テスト"],"fullName":" 統合給与計算エンジン v1.2.0 - 統合テスト リアルデータベースでの給与計算テスト 深夜労働を含む給与計算フロー","status":"pending","title":"深夜労働を含む給与計算フロー","failureMessages":[]},{"ancestorTitles":["","統合給与計算エンジン v1.2.0 - 統合テスト","リアルデータベースでの給与計算テスト"],"fullName":" 統合給与計算エンジン v1.2.0 - 統合テスト リアルデータベースでの給与計算テスト 休日労働を含む給与計算フロー","status":"pending","title":"休日労働を含む給与計算フロー","failureMessages":[]},{"ancestorTitles":["","統合給与計算エンジン v1.2.0 - 統合テスト","月次レポート生成テスト"],"fullName":" 統合給与計算エンジン v1.2.0 - 統合テスト 月次レポート生成テスト 複数従業員の月次給与レポート","status":"pending","title":"複数従業員の月次給与レポート","failureMessages":[]},{"ancestorTitles":["","統合給与計算エンジン v1.2.0 - 統合テスト","パフォーマンステスト"],"fullName":" 統合給与計算エンジン v1.2.0 - 統合テスト パフォーマンステスト 大量データでの給与計算性能","status":"pending","title":"大量データでの給与計算性能","failureMessages":[]}],"startTime":1753669047636,"endTime":1753669047636,"status":"passed","message":"","name":"C:/Users/m_fun/MCP_勤怠/tests/integration/payroll-engine-v1.2.0-integration.test.ts"},{"assertionResults":[{"ancestorTitles":["","給与計算システム統合テスト（スルーテスト）","基本的な給与計算フロー"],"fullName":" 給与計算システム統合テスト（スルーテスト） 基本的な給与計算フロー 新規従業員の1ヶ月給与計算フロー","status":"failed","title":"新規従業員の1ヶ月給与計算フロー","duration":2,"failureMessages":["expected 120 to be greater than 120"],"location":{"line":89,"column":48}},{"ancestorTitles":["","給与計算システム統合テスト（スルーテスト）","複雑なケースの統合テスト"],"fullName":" 給与計算システム統合テスト（スルーテスト） 複雑なケースの統合テスト 深夜労働・休日労働を含む月の給与計算","status":"failed","title":"深夜労働・休日労働を含む月の給与計算","duration":1,"failureMessages":["actual value must be number or bigint, received \"undefined\""],"location":{"line":189,"column":41}},{"ancestorTitles":["","給与計算システム統合テスト（スルーテスト）","複雑なケースの統合テスト"],"fullName":" 給与計算システム統合テスト（スルーテスト） 複雑なケースの統合テスト 月60時間超残業の割増率計算","status":"failed","title":"月60時間超残業の割増率計算","duration":1,"failureMessages":["actual value must be number or bigint, received \"undefined\""],"location":{"line":246,"column":41}},{"ancestorTitles":["","給与計算システム統合テスト（スルーテスト）","データ整合性テスト"],"fullName":" 給与計算システム統合テスト（スルーテスト） データ整合性テスト 複数従業員の同時処理","status":"failed","title":"複数従業員の同時処理","duration":1,"failureMessages":["expected 'EMP001' to be 'EMP_MULTI_001' // Object.is equality"],"location":{"line":322,"column":36}},{"ancestorTitles":["","給与計算システム統合テスト（スルーテスト）","エラーハンドリングテスト"],"fullName":" 給与計算システム統合テスト（スルーテスト） エラーハンドリングテスト 不正なデータでの処理エラー","status":"failed","title":"不正なデータでの処理エラー","duration":4,"failureMessages":["promise resolved \"{ employeeId: 'EMP001', …(10) }\" instead of rejecting"],"location":{"line":346,"column":7}},{"ancestorTitles":["","給与計算システム統合テスト（スルーテスト）","エラーハンドリングテスト"],"fullName":" 給与計算システム統合テスト（スルーテスト） エラーハンドリングテスト 勤怠データなしでの給与計算","status":"failed","title":"勤怠データなしでの給与計算","duration":1,"failureMessages":["expected 'EMP001' to be 'EMP_NO_ATTENDANCE' // Object.is equality"],"location":{"line":387,"column":34}}],"startTime":1753669497048,"endTime":1753669497058,"status":"failed","message":"","name":"C:/Users/m_fun/MCP_勤怠/tests/integration/payroll-system-end-to-end.test.ts"},{"assertionResults":[{"ancestorTitles":["","Real Database Integration Tests","Payroll Calculation with Real Data"],"fullName":" Real Database Integration Tests Payroll Calculation with Real Data should calculate monthly payroll for all employees","status":"pending","title":"should calculate monthly payroll for all employees","failureMessages":[]},{"ancestorTitles":["","Real Database Integration Tests","Labor Law Compliance Analysis"],"fullName":" Real Database Integration Tests Labor Law Compliance Analysis should detect labor law violations in real data","status":"pending","title":"should detect labor law violations in real data","failureMessages":[]},{"ancestorTitles":["","Real Database Integration Tests","Time Record Analysis"],"fullName":" Real Database Integration Tests Time Record Analysis should analyze time records for completeness and accuracy","status":"pending","title":"should analyze time records for completeness and accuracy","failureMessages":[]},{"ancestorTitles":["","Real Database Integration Tests","Payroll Summary Analysis"],"fullName":" Real Database Integration Tests Payroll Summary Analysis should generate comprehensive payroll summary","status":"pending","title":"should generate comprehensive payroll summary","failureMessages":[]},{"ancestorTitles":["","Real Database Integration Tests","Edge Cases and Error Handling"],"fullName":" Real Database Integration Tests Edge Cases and Error Handling should handle employees with no time records","status":"pending","title":"should handle employees with no time records","failureMessages":[]},{"ancestorTitles":["","Real Database Integration Tests","Edge Cases and Error Handling"],"fullName":" Real Database Integration Tests Edge Cases and Error Handling should handle future months with no data","status":"pending","title":"should handle future months with no data","failureMessages":[]}],"startTime":1753669047636,"endTime":1753669047636,"status":"passed","message":"","name":"C:/Users/m_fun/MCP_勤怠/tests/integration/real-data.test.ts"},{"assertionResults":[{"ancestorTitles":["","Advanced Security Tests - Prompt Injection Prevention","Indirect Prompt Injection Prevention"],"fullName":" Advanced Security Tests - Prompt Injection Prevention Indirect Prompt Injection Prevention should sanitize malicious content in employee notes during time records","status":"failed","title":"should sanitize malicious content in employee notes during time records","duration":60004,"failureMessages":["Hook timed out in 60000ms.\nIf this is a long-running hook, pass a timeout value as the last argument or configure it globally with \"hookTimeout\"."]},{"ancestorTitles":["","Advanced Security Tests - Prompt Injection Prevention","Indirect Prompt Injection Prevention"],"fullName":" Advanced Security Tests - Prompt Injection Prevention Indirect Prompt Injection Prevention should prevent code injection through employee department names","status":"failed","title":"should prevent code injection through employee department names","duration":60003,"failureMessages":["Hook timed out in 60000ms.\nIf this is a long-running hook, pass a timeout value as the last argument or configure it globally with \"hookTimeout\"."]},{"ancestorTitles":["","Advanced Security Tests - Prompt Injection Prevention","Indirect Prompt Injection Prevention"],"fullName":" Advanced Security Tests - Prompt Injection Prevention Indirect Prompt Injection Prevention should handle Unicode and encoding attacks in employee names","status":"failed","title":"should handle Unicode and encoding attacks in employee names","duration":60014,"failureMessages":["Hook timed out in 60000ms.\nIf this is a long-running hook, pass a timeout value as the last argument or configure it globally with \"hookTimeout\"."]},{"ancestorTitles":["","Advanced Security Tests - Prompt Injection Prevention","Data Integrity and Validation"],"fullName":" Advanced Security Tests - Prompt Injection Prevention Data Integrity and Validation should validate and limit input lengths to prevent buffer overflow","status":"failed","title":"should validate and limit input lengths to prevent buffer overflow","duration":60005,"failureMessages":["Hook timed out in 60000ms.\nIf this is a long-running hook, pass a timeout value as the last argument or configure it globally with \"hookTimeout\"."]},{"ancestorTitles":["","Advanced Security Tests - Prompt Injection Prevention","Data Integrity and Validation"],"fullName":" Advanced Security Tests - Prompt Injection Prevention Data Integrity and Validation should validate numeric inputs for range and type safety","status":"failed","title":"should validate numeric inputs for range and type safety","duration":60007,"failureMessages":["Hook timed out in 60000ms.\nIf this is a long-running hook, pass a timeout value as the last argument or configure it globally with \"hookTimeout\"."]},{"ancestorTitles":["","Advanced Security Tests - Prompt Injection Prevention","Authorization and Access Control"],"fullName":" Advanced Security Tests - Prompt Injection Prevention Authorization and Access Control should log suspicious activity patterns","status":"failed","title":"should log suspicious activity patterns","duration":60015,"failureMessages":["Hook timed out in 60000ms.\nIf this is a long-running hook, pass a timeout value as the last argument or configure it globally with \"hookTimeout\"."]},{"ancestorTitles":["","Advanced Security Tests - Prompt Injection Prevention","Authorization and Access Control"],"fullName":" Advanced Security Tests - Prompt Injection Prevention Authorization and Access Control should prevent privilege escalation through data manipulation","status":"failed","title":"should prevent privilege escalation through data manipulation","duration":60011,"failureMessages":["Hook timed out in 60000ms.\nIf this is a long-running hook, pass a timeout value as the last argument or configure it globally with \"hookTimeout\"."]}],"startTime":1753669867933,"endTime":1753670287992,"status":"failed","message":"","name":"C:/Users/m_fun/MCP_勤怠/tests/security/advanced-security.test.ts"},{"assertionResults":[{"ancestorTitles":["","Security Tests - Prompt Injection Prevention","Indirect Prompt Injection Prevention"],"fullName":" Security Tests - Prompt Injection Prevention Indirect Prompt Injection Prevention should sanitize malicious content in employee names","status":"failed","title":"should sanitize malicious content in employee names","duration":60017,"failureMessages":["Hook timed out in 60000ms.\nIf this is a long-running hook, pass a timeout value as the last argument or configure it globally with \"hookTimeout\"."]},{"ancestorTitles":["","Security Tests - Prompt Injection Prevention","Indirect Prompt Injection Prevention"],"fullName":" Security Tests - Prompt Injection Prevention Indirect Prompt Injection Prevention should handle malicious content in time record notes","status":"failed","title":"should handle malicious content in time record notes","duration":60009,"failureMessages":["Hook timed out in 60000ms.\nIf this is a long-running hook, pass a timeout value as the last argument or configure it globally with \"hookTimeout\"."]},{"ancestorTitles":["","Security Tests - Prompt Injection Prevention","Indirect Prompt Injection Prevention"],"fullName":" Security Tests - Prompt Injection Prevention Indirect Prompt Injection Prevention should prevent command injection through employee IDs","status":"failed","title":"should prevent command injection through employee IDs","duration":60009,"failureMessages":["Hook timed out in 60000ms.\nIf this is a long-running hook, pass a timeout value as the last argument or configure it globally with \"hookTimeout\"."]},{"ancestorTitles":["","Security Tests - Prompt Injection Prevention","Indirect Prompt Injection Prevention"],"fullName":" Security Tests - Prompt Injection Prevention Indirect Prompt Injection Prevention should sanitize department names containing script tags","status":"failed","title":"should sanitize department names containing script tags","duration":60015,"failureMessages":["Hook timed out in 60000ms.\nIf this is a long-running hook, pass a timeout value as the last argument or configure it globally with \"hookTimeout\"."]},{"ancestorTitles":["","Security Tests - Prompt Injection Prevention","Indirect Prompt Injection Prevention"],"fullName":" Security Tests - Prompt Injection Prevention Indirect Prompt Injection Prevention should handle Unicode and encoding attacks","status":"failed","title":"should handle Unicode and encoding attacks","duration":60001,"failureMessages":["Hook timed out in 60000ms.\nIf this is a long-running hook, pass a timeout value as the last argument or configure it globally with \"hookTimeout\"."]},{"ancestorTitles":["","Security Tests - Prompt Injection Prevention","Input Validation and Sanitization"],"fullName":" Security Tests - Prompt Injection Prevention Input Validation and Sanitization should validate date formats strictly","status":"failed","title":"should validate date formats strictly","duration":60018,"failureMessages":["Hook timed out in 60000ms.\nIf this is a long-running hook, pass a timeout value as the last argument or configure it globally with \"hookTimeout\"."]},{"ancestorTitles":["","Security Tests - Prompt Injection Prevention","Input Validation and Sanitization"],"fullName":" Security Tests - Prompt Injection Prevention Input Validation and Sanitization should limit input lengths to prevent buffer overflow attacks","status":"failed","title":"should limit input lengths to prevent buffer overflow attacks","duration":60015,"failureMessages":["Hook timed out in 60000ms.\nIf this is a long-running hook, pass a timeout value as the last argument or configure it globally with \"hookTimeout\"."]},{"ancestorTitles":["","Security Tests - Prompt Injection Prevention","Input Validation and Sanitization"],"fullName":" Security Tests - Prompt Injection Prevention Input Validation and Sanitization should validate numeric inputs for range and type","status":"failed","title":"should validate numeric inputs for range and type","duration":60005,"failureMessages":["Hook timed out in 60000ms.\nIf this is a long-running hook, pass a timeout value as the last argument or configure it globally with \"hookTimeout\"."]},{"ancestorTitles":["","Security Tests - Prompt Injection Prevention","Authorization and Access Control"],"fullName":" Security Tests - Prompt Injection Prevention Authorization and Access Control should prevent unauthorized access to sensitive payroll data","status":"failed","title":"should prevent unauthorized access to sensitive payroll data","duration":60001,"failureMessages":["Hook timed out in 60000ms.\nIf this is a long-running hook, pass a timeout value as the last argument or configure it globally with \"hookTimeout\"."]},{"ancestorTitles":["","Security Tests - Prompt Injection Prevention","Authorization and Access Control"],"fullName":" Security T
[...]
ンジン 従業員向けの学習推奨を生成する","status":"passed","title":"従業員向けの学習推奨を生成する","duration":2,"failureMessages":[]},{"ancestorTitles":["","スキル管理エンジン v2.3.0","学習推奨エンジン"],"fullName":" スキル管理エンジン v2.3.0 学習推奨エンジン 学習スタイルに基づいて推奨をカスタマイズする","status":"passed","title":"学習スタイルに基づいて推奨をカスタマイズする","duration":0,"failureMessages":[]},{"ancestorTitles":["","スキル管理エンジン v2.3.0","スキルマーケットプレイス"],"fullName":" スキル管理エンジン v2.3.0 スキルマーケットプレイス スキル要求を作成し候補者をマッチングする","status":"passed","title":"スキル要求を作成し候補者をマッチングする","duration":2,"failureMessages":[]},{"ancestorTitles":["","スキル管理エンジン v2.3.0","スキルマーケットプレイス"],"fullName":" スキル管理エンジン v2.3.0 スキルマーケットプレイス 適切な候補者が見つからない場合の推奨を生成する","status":"passed","title":"適切な候補者が見つからない場合の推奨を生成する","duration":0,"failureMessages":[]},{"ancestorTitles":["","スキル管理エンジン v2.3.0","スキルトレンド分析"],"fullName":" スキル管理エンジン v2.3.0 スキルトレンド分析 スキルトレンドを分析し予測を提供する","status":"passed","title":"スキルトレンドを分析し予測を提供する","duration":1,"failureMessages":[]},{"ancestorTitles":["","スキル管理エンジン v2.3.0","学習ROI測定"],"fullName":" スキル管理エンジン v2.3.0 学習ROI測定 学習計画のROIを測定する","status":"passed","title":"学習計画のROIを測定する","duration":0,"failureMessages":[]},{"ancestorTitles":["","スキル管理エンジン v2.3.0","エラーハンドリング"],"fullName":" スキル管理エンジン v2.3.0 エラーハンドリング データベースエラーを適切に処理する","status":"passed","title":"データベースエラーを適切に処理する","duration":0,"failureMessages":[]},{"ancestorTitles":["","スキル管理エンジン v2.3.0","エラーハンドリング"],"fullName":" スキル管理エンジン v2.3.0 エラーハンドリング 無効なスキルレベルを検証する","status":"passed","title":"無効なスキルレベルを検証する","duration":0,"failureMessages":[]}],"startTime":1753670339153,"endTime":1753670339164,"status":"passed","message":"","name":"C:/Users/m_fun/MCP_勤怠/tests/unit/skill-management-v2.3.0.test.ts"},{"assertionResults":[{"ancestorTitles":["","後継者計画エンジン v2.2.0","ポジション重要度評価"],"fullName":" 後継者計画エンジン v2.2.0 ポジション重要度評価 クリティカルなポジションを正しく評価する","status":"passed","title":"クリティカルなポジションを正しく評価する","duration":1,"failureMessages":[]},{"ancestorTitles":["","後継者計画エンジン v2.2.0","ポジション重要度評価"],"fullName":" 後継者計画エンジン v2.2.0 ポジション重要度評価 標準的なポジションを正しく評価する","status":"passed","title":"標準的なポジションを正しく評価する","duration":0,"failureMessages":[]},{"ancestorTitles":["","後継者計画エンジン v2.2.0","後継者候補発掘"],"fullName":" 後継者計画エンジン v2.2.0 後継者候補発掘 適切な候補者を発掘し評価する","status":"failed","title":"適切な候補者を発掘し評価する","duration":1,"failureMessages":["expected '1_year' to be 'ready_now' // Object.is equality"],"location":{"line":112,"column":46}},{"ancestorTitles":["","後継者計画エンジン v2.2.0","育成計画策定"],"fullName":" 後継者計画エンジン v2.2.0 育成計画策定 基本的な育成計画を策定する","status":"passed","title":"基本的な育成計画を策定する","duration":0,"failureMessages":[]},{"ancestorTitles":["","後継者計画エンジン v2.2.0","エラーハンドリング"],"fullName":" 後継者計画エンジン v2.2.0 エラーハンドリング 存在しない後継者計画でエラーをスローする","status":"passed","title":"存在しない後継者計画でエラーをスローする","duration":0,"failureMessages":[]},{"ancestorTitles":["","後継者計画エンジン v2.2.0","エラーハンドリング"],"fullName":" 後継者計画エンジン v2.2.0 エラーハンドリング 存在しない候補者でエラーをスローする","status":"passed","title":"存在しない候補者でエラーをスローする","duration":1,"failureMessages":[]}],"startTime":1753670999694,"endTime":1753670999698,"status":"failed","message":"","name":"C:/Users/m_fun/MCP_勤怠/tests/unit/succession-planning-v2.2.0.test.ts"},{"assertionResults":[{"ancestorTitles":["","タレントマネジメントエンジン v2.2.0","9ボックスグリッド機能"],"fullName":" タレントマネジメントエンジン v2.2.0 9ボックスグリッド機能 タレントプロファイルを作成し、適切なカテゴリに分類する","status":"passed","title":"タレントプロファイルを作成し、適切なカテゴリに分類する","duration":0,"failureMessages":[]},{"ancestorTitles":["","タレントマネジメントエンジン v2.2.0","9ボックスグリッド機能"],"fullName":" タレントマネジメントエンジン v2.2.0 9ボックスグリッド機能 パフォーマンスとポテンシャルに基づいて正しく分類する","status":"passed","title":"パフォーマンスとポテンシャルに基づいて正しく分類する","duration":1,"failureMessages":[]},{"ancestorTitles":["","タレントマネジメントエンジン v2.2.0","9ボックスグリッド機能"],"fullName":" タレントマネジメントエンジン v2.2.0 9ボックスグリッド機能 9ボックスグリッドデータを取得し、推奨事項を生成する","status":"passed","title":"9ボックスグリッドデータを取得し、推奨事項を生成する","duration":1,"failureMessages":[]},{"ancestorTitles":["","タレントマネジメントエンジン v2.2.0","後継者計画機能"],"fullName":" タレントマネジメントエンジン v2.2.0 後継者計画機能 後継者計画を作成する","status":"passed","title":"後継者計画を作成する","duration":0,"failureMessages":[]},{"ancestorTitles":["","タレントマネジメントエンジン v2.2.0","後継者計画機能"],"fullName":" タレントマネジメントエンジン v2.2.0 後継者計画機能 後継者候補を追加し、レディネススコアを計算する","status":"passed","title":"後継者候補を追加し、レディネススコアを計算する","duration":0,"failureMessages":[]},{"ancestorTitles":["","タレントマネジメントエンジン v2.2.0","キャリアパス推奨機能"],"fullName":" タレントマネジメントエンジン v2.2.0 キャリアパス推奨機能 高パフォーマンス従業員に垂直キャリアパスを推奨する","status":"passed","title":"高パフォーマンス従業員に垂直キャリアパスを推奨する","duration":1,"failureMessages":[]},{"ancestorTitles":["","タレントマネジメントエンジン v2.2.0","キャリアパス推奨機能"],"fullName":" タレントマネジメントエンジン v2.2.0 キャリアパス推奨機能 スキルギャップに基づいて育成計画を生成する","status":"passed","title":"スキルギャップに基づいて育成計画を生成する","duration":0,"failureMessages":[]},{"ancestorTitles":["","タレントマネジメントエンジン v2.2.0","組織ネットワーク分析"],"fullName":" タレントマネジメントエンジン v2.2.0 組織ネットワーク分析 組織ネットワーク分析を実行し、推奨事項を生成する","status":"passed","title":"組織ネットワーク分析を実行し、推奨事項を生成する","duration":1,"failureMessages":[]},{"ancestorTitles":["","タレントマネジメントエンジン v2.2.0","組織ネットワーク分析"],"fullName":" タレントマネジメントエンジン v2.2.0 組織ネットワーク分析 低密度ネットワークに対して適切な推奨事項を生成する","status":"passed","title":"低密度ネットワークに対して適切な推奨事項を生成する","duration":0,"failureMessages":[]},{"ancestorTitles":["","タレントマネジメントエンジン v2.2.0","エラーハンドリング"],"fullName":" タレントマネジメントエンジン v2.2.0 エラーハンドリング 存在しない従業員のキャリアパス推奨でエラーをスローする","status":"passed","title":"存在しない従業員のキャリアパス推奨でエラーをスローする","duration":1,"failureMessages":[]},{"ancestorTitles":["","タレントマネジメントエンジン v2.2.0","エラーハンドリング"],"fullName":" タレントマネジメントエンジン v2.2.0 エラーハンドリング データベースエラーを適切にハンドリングする","status":"passed","title":"データベースエラーを適切にハンドリングする","duration":0,"failureMessages":[]}],"startTime":1753670288361,"endTime":1753670288366,"status":"passed","message":"","name":"C:/Users/m_fun/MCP_勤怠/tests/unit/talent-management-v2.2.0.test.ts"},{"assertionResults":[{"ancestorTitles":["","WorkingHoursCalculator - Japanese Labor Standards Act Compliance","Regular Working Hours Calculation"],"fullName":" WorkingHoursCalculator - Japanese Labor Standards Act Compliance Regular Working Hours Calculation should calculate standard 8-hour workday correctly","status":"passed","title":"should calculate standard 8-hour workday correctly","duration":0,"failureMessages":[]},{"ancestorTitles":["","WorkingHoursCalculator - Japanese Labor Standards Act Compliance","Regular Working Hours Calculation"],"fullName":" WorkingHoursCalculator - Japanese Labor Standards Act Compliance Regular Working Hours Calculation should calculate overtime hours correctly","status":"passed","title":"should calculate overtime hours correctly","duration":1,"failureMessages":[]},{"ancestorTitles":["","WorkingHoursCalculator - Japanese Labor Standards Act Compliance","Regular Working Hours Calculation"],"fullName":" WorkingHoursCalculator - Japanese Labor Standards Act Compliance Regular Working Hours Calculation should detect missing clock-out","status":"passed","title":"should detect missing clock-out","duration":0,"failureMessages":[]},{"ancestorTitles":["","WorkingHoursCalculator - Japanese Labor Standards Act Compliance","Late Night Hours Calculation (22:00-05:00)"],"fullName":" WorkingHoursCalculator - Japanese Labor Standards Act Compliance Late Night Hours Calculation (22:00-05:00) should calculate late night hours correctly","status":"passed","title":"should calculate late night hours correctly","duration":0,"failureMessages":[]},{"ancestorTitles":["","WorkingHoursCalculator - Japanese Labor Standards Act Compliance","Late Night Hours Calculation (22:00-05:00)"],"fullName":" WorkingHoursCalculator - Japanese Labor Standards Act Compliance Late Night Hours Calculation (22:00-05:00) should handle work spanning multiple late night periods","status":"passed","title":"should handle work spanning multiple late night periods","duration":0,"failureMessages":[]},{"ancestorTitles":["","WorkingHoursCalculator - Japanese Labor Standards Act Compliance","Holiday and Weekend Work"],"fullName":" WorkingHoursCalculator - Japanese Labor Standards Act Compliance Holiday and Weekend Work should identify holiday work","status":"passed","title":"should identify holiday work","duration":0,"failureMessages":[]},{"ancestorTitles":["","WorkingHoursCalculator - Japanese Labor Standards Act Compliance","Holiday and Weekend Work"],"fullName":" WorkingHoursCalculator - Japanese Labor Standards Act Compliance Holiday and Weekend Work should identify weekend work","status":"passed","title":"should identify weekend work","duration":0,"failureMessages":[]},{"ancestorTitles":["","WorkingHoursCalculator - Japanese Labor Standards Act Compliance","Break Time Compliance"],"fullName":" WorkingHoursCalculator - Japanese Labor Standards Act Compliance Break Time Compliance should require 45 minutes break for 6+ hours","status":"passed","title":"should require 45 minutes break for 6+ hours","duration":0,"failureMessages":[]},{"ancestorTitles":["","WorkingHoursCalculator - Japanese Labor Standards Act Compliance","Break Time Compliance"],"fullName":" WorkingHoursCalculator - Japanese Labor Standards Act Compliance Break Time Compliance should require 60 minutes break for 8+ hours","status":"passed","title":"should require 60 minutes break for 8+ hours","duration":0,"failureMessages":[]},{"ancestorTitles":["","WorkingHoursCalculator - Japanese Labor Standards Act Compliance","Break Time Compliance"],"fullName":" WorkingHoursCalculator - Japanese Labor Standards Act Compliance Break Time Compliance should pass with adequate break time","status":"passed","title":"should pass with adequate break time","duration":0,"failureMessages":[]},{"ancestorTitles":["","WorkingHoursCalculator - Japanese Labor Standards Act Compliance","Monthly Hours Summary"],"fullName":" WorkingHoursCalculator - Japanese Labor Standards Act Compliance Monthly Hours Summary should calculate monthly summary correctly","status":"passed","title":"should calculate monthly summary correctly","duration":1,"failureMessages":[]},{"ancestorTitles":["","WorkingHoursCalculator - Japanese Labor Standards Act Compliance","Monthly Hours Summary"],"fullName":" WorkingHoursCalculator - Japanese Labor Standards Act Compliance Monthly Hours Summary should detect monthly overtime violations","status":"passed","title":"should detect monthly overtime violations","duration":0,"failureMessages":[]},{"ancestorTitles":["","WorkingHoursCalculator - Japanese Labor Standards Act Compliance","Complex Scenarios"],"fullName":" WorkingHoursCalculator - Japanese Labor Standards Act Compliance Complex Scenarios should handle system administrator night shift pattern","status":"passed","title":"should handle system administrator night shift pattern","duration":0,"failureMessages":[]},{"ancestorTitles":["","WorkingHoursCalculator - Japanese Labor Standards Act Compliance","Complex Scenarios"],"fullName":" WorkingHoursCalculator - Japanese Labor Standards Act Compliance Complex Scenarios should handle project manager excessive overtime pattern","status":"passed","title":"should handle project manager excessive overtime pattern","duration":1,"failureMessages":[]},{"ancestorTitles":["","WorkingHoursCalculator - Japanese Labor Standards Act Compliance","Complex Scenarios"],"fullName":" WorkingHoursCalculator - Japanese Labor Standards Act Compliance Complex Scenarios should handle part-time worker pattern","status":"passed","title":"should handle part-time worker pattern","duration":0,"failureMessages":[]},{"ancestorTitles":["","WorkingHoursCalculator - Japanese Labor Standards Act Compliance","Data Conversion"],"fullName":" WorkingHoursCalculator - Japanese Labor Standards Act Compliance Data Conversion should convert breakdowns to WorkingHours format","status":"passed","title":"should convert breakdowns to WorkingHours format","duration":0,"failureMessages":[]}],"startTime":1753669497207,"endTime":1753669497211,"status":"passed","message":"","name":"C:/Users/m_fun/MCP_勤怠/tests/unit/working-hours-calculator.test.ts"},{"assertionResults":[],"startTime":1753669047636,"endTime":1753669047636,"status":"failed","message":"Failed to load url @testing-library/react (resolved id: @testing-library/react) in C:/Users/m_fun/MCP_勤怠/src/v3.2.0/enterprise-console/__tests__/AIConfigurationPanel.test.tsx. Does the file exist?","name":"C:/Users/m_fun/MCP_勤怠/src/v3.2.0/enterprise-console/__tests__/AIConfigurationPanel.test.tsx"},{"assertionResults":[],"startTime":1753669047636,"endTime":1753669047636,"status":"failed","message":"jest is not defined","name":"C:/Users/m_fun/MCP_勤怠/src/v3.2.0/enterprise-console/__tests__/audit-log.test.ts"},{"assertionResults":[{"ancestorTitles":["","RBACService","checkPermission"],"fullName":" RBACService checkPermission should allow access when user has exact permission","status":"passed","title":"should allow access when user has exact permission","duration":4,"failureMessages":[]},{"ancestorTitles":["","RBACService","checkPermission"],"fullName":" RBACService checkPermission should deny access when user lacks permission","status":"passed","title":"should deny access when user lacks permission","duration":4,"failureMessages":[]},{"ancestorTitles":["","RBACService","checkPermission"],"fullName":" RBACService checkPermission should respect scope limitations","status":"passed","title":"should respect scope limitations","duration":2,"failureMessages":[]},{"ancestorTitles":["","RBACService","checkPermission"],"fullName":" RBACService checkPermission should apply permission conditions","status":"failed","title":"should apply permission conditions","duration":3,"failureMessages":["expected false to be true // Object.is equality"],"location":{"line":128,"column":32}},{"ancestorTitles":["","RBACService","Role Management"],"fullName":" RBACService Role Management should create a new role","status":"passed","title":"should create a new role","duration":3,"failureMessages":[]},{"ancestorTitles":["","RBACService","Role Management"],"fullName":" RBACService Role Management should prevent deletion of system roles","status":"passed","title":"should prevent deletion of system roles","duration":2,"failureMessages":[]},{"ancestorTitles":["","RBACService","Role Management"],"fullName":" RBACService Role Management should update role properties","status":"failed","title":"should update role properties","duration":2,"failureMessages":["expected undefined to be '更新された役割名' // Object.is equality"],"location":{"line":195,"column":39}},{"ancestorTitles":["","RBACService","User Role Assignment"],"fullName":" RBACService User Role Assignment should assign role to user","status":"failed","title":"should assign role to user","duration":1,"failureMessages":["expected undefined to be 'user1' // Object.is equality"],"location":{"line":220,"column":31}},{"ancestorTitles":["","RBACService","User Role Assignment"],"fullName":" RBACService User Role Assignment should retrieve user roles with details","status":"passed","title":"should retrieve user roles with details","duration":2,"failureMessages":[]},{"ancestorTitles":["","RBACService","Permission Management"],"fullName":" RBACService Permission Management should create permissions","status":"passed","title":"should create permissions","duration":1,"failureMessages":[]},{"ancestorTitles":["","RBACService","Permission Management"],"fullName":" RBACService Permission Management should filter permissions by criteria","status":"passed","title":"should filter permissions by criteria","duration":1,"failureMessages":[]},{"ancestorTitles":["","RBACService","Hierarchical Permissions"],"fullName":" RBACService Hierarchical Permissions should grant access with higher scope","status":"passed","title":"should grant access with higher scope","duration":1,"failureMessages":[]},{"ancestorTitles":["","RBACService","Hierarchical Permissions"],"fullName":" RBACService Hierarchical Permissions should deny access with lower scope","status":"passed","title":"should deny access with lower scope","duration":1,"failureMessages":[]},{"ancestorTitles":["","RBACService","Bulk Permission Check"],"fullName":" RBACService Bulk Permission Check should check multiple permissions efficiently","status":"failed","title":"should check multiple permissions efficiently","duration":2,"failureMessages":["expected false to be true // Object.is equality"],"location":{"line":377,"column":45}},{"ancestorTitles":["","RBAC Integration Tests"],"fullName":" RBAC Integration Tests should handle complex permission scenarios","status":"passed","title":"should handle complex permission scenarios","duration":0,"failureMessages":[]}],"startTime":1753670288271,"endTime":1753670288300,"status":"failed","message":"","name":"C:/Users/m_fun/MCP_勤怠/src/v3.2.0/enterprise-console/__tests__/rbac.test.ts"},{"assertionResults":[{"ancestorTitles":["","ManagementSimulationAgent","シナリオ作成"],"fullName":" ManagementSimulationAgent シナリオ作成 有効なシナリオを作成できる","status":"passed","title":"有効なシナリオを作成できる","duration":1,"failureMessages":[]},{"ancestorTitles":["","ManagementSimulationAgent","シナリオ作成"],"fullName":" ManagementSimulationAgent シナリオ作成 無効な期間のシナリオはエラーになる","status":"passed","title":"無効な期間のシナリオはエラーになる","duration":0,"failureMessages":[]},{"ancestorTitles":["","ManagementSimulationAgent","シミュレーション実行"],"fullName":" ManagementSimulationAgent シミュレーション実行 シナリオのシミュレーションを実行できる","status":"passed","title":"シナリオのシミュレーションを実行できる","duration":3,"failureMessages":[]},{"ancestorTitles":["","ManagementSimulationAgent","シミュレーション実行"],"fullName":" ManagementSimulationAgent シミュレーション実行 財務指標が正しく計算される","status":"passed","title":"財務指標が正しく計算される","duration":0,"failureMessages":[]},{"ancestorTitles":["","ManagementSimulationAgent","シミュレーション実行"],"fullName":" ManagementSimulationAgent シミュレーション実行 人的資本指標が正しく計算される","status":"passed","title":"人的資本指標が正しく計算される","duration":1,"failureMessages":[]},{"ancestorTitles":["","ManagementSimulationAgent","シミュレーション実行"],"fullName":" ManagementSimulationAgent シミュレーション実行 トレンド分析が実行される","status":"passed","title":"トレンド分析が実行される","duration":0,"failureMessages":[]},{"ancestorTitles":["","ManagementSimulationAgent","シミュレーション実行"],"fullName":" ManagementSimulationAgent シミュレーション実行 推奨事項が生成される","status":"passed","title":"推奨事項が生成される","duration":0,"failureMessages":[]},{"ancestorTitles":["","ManagementSimulationAgent","シミュレーション実行"],"fullName":" ManagementSimulationAgent シミュレーション実行 リスク評価が実行される","status":"passed","title":"リスク評価が実行される","duration":3,"failureMessages":[]},{"ancestorTitles":["","ManagementSimulationAgent","シミュレーション実行"],"fullName":" ManagementSimulationAgent シミュレーション実行 感度分析が実行される","status":"passed","title":"感度分析が実行される","duration":0,"failureMessages":[]},{"ancestorTitles":["","ManagementSimulationAgent","シミュレーション実行"],"fullName":" ManagementSimulationAgent シミュレーション実行 存在しないシナリオはエラーになる","status":"passed","title":"存在しないシナリオはエラーになる","duration":1,"failureMessages":[]},{"ancestorTitles":["","ManagementSimulationAgent","ROI最適化"],"fullName":" ManagementSimulationAgent ROI最適化 投資オプションを生成できる","status":"passed","title":"投資オプションを生成できる","duration":2,"failureMessages":[]},{"ancestorTitles":["","ManagementSimulationAgent","ROI最適化"],"fullName":" ManagementSimulationAgent ROI最適化 最適ポートフォリオが選択される","status":"passed","title":"最適ポートフォリオが選択される","duration":1,"failureMessages":[]},{"ancestorTitles":["","ManagementSimulationAgent","ROI最適化"],"fullName":" ManagementSimulationAgent ROI最適化 実装計画が生成される","status":"passed","title":"実装計画が生成される","duration":0,"failureMessages":[]},{"ancestorTitles":["","ManagementSimulationAgent","ROI最適化"],"fullName":" ManagementSimulationAgent ROI最適化 フェーズが正しく構成される","status":"passed","title":"フェーズが正しく構成される","duration":1,"failureMessages":[]},{"ancestorTitles":["","ManagementSimulationAgent","ROI最適化"],"fullName":" ManagementSimulationAgent ROI最適化 必要リソースが特定される","status":"passed","title":"必要リソースが特定される","duration":1,"failureMessages":[]},{"ancestorTitles":["","ManagementSimulationAgent","ROI最適化"],"fullName":" ManagementSimulationAgent ROI最適化 代替オプションが提示される","status":"passed","title":"代替オプションが提示される","duration":0,"failureMessages":[]}],"startTime":1753669867844,"endTime":1753669867858,"status":"passed","message":"","name":"C:/Users/m_fun/MCP_勤怠/src/v3.2.0/autonomous-agents/simulation/__tests__/ManagementSimulationAgent.test.ts"}]}
